{"/home/travis/build/npmtest/node-npmtest-generator-ng-poly/test.js":{"path":"/home/travis/build/npmtest/node-npmtest-generator-ng-poly/test.js","s":{"1":2,"2":2,"3":2,"4":2,"5":2,"6":2,"7":2,"8":1,"9":2,"10":2,"11":1,"12":1,"13":1,"14":1,"15":2,"16":2,"17":2,"18":2,"19":1,"20":1,"21":2,"22":2,"23":2,"24":1,"25":1,"26":1,"27":1,"28":1,"29":1,"30":1,"31":1,"32":1,"33":1,"34":1,"35":1,"36":1,"37":2,"38":2,"39":1,"40":2,"41":2,"42":1,"43":2,"44":2,"45":1,"46":2,"47":2,"48":1,"49":1,"50":1,"51":1,"52":1},"b":{"1":[2,1,1,1],"2":[1,1,1,1],"3":[1,1],"4":[1,1],"5":[1,1],"6":[1,1],"7":[1,1],"8":[1,1],"9":[1,1,1],"10":[1,1],"11":[1,1],"12":[1,1],"13":[1,1],"14":[1,1],"15":[1,1],"16":[1,1]},"f":{"1":2,"2":2,"3":2,"4":2,"5":2,"6":1,"7":1,"8":2,"9":2,"10":2,"11":2,"12":1},"fnMap":{"1":{"name":"(anonymous_1)","line":12,"loc":{"start":{"line":12,"column":1},"end":{"line":12,"column":13}}},"2":{"name":"(anonymous_2)","line":19,"loc":{"start":{"line":19,"column":5},"end":{"line":19,"column":17}}},"3":{"name":"(anonymous_3)","line":23,"loc":{"start":{"line":23,"column":24},"end":{"line":23,"column":36}}},"4":{"name":"(anonymous_4)","line":61,"loc":{"start":{"line":61,"column":5},"end":{"line":61,"column":17}}},"5":{"name":"(anonymous_5)","line":82,"loc":{"start":{"line":82,"column":5},"end":{"line":82,"column":17}}},"6":{"name":"(anonymous_6)","line":102,"loc":{"start":{"line":102,"column":83},"end":{"line":105,"column":10}},"skip":true},"7":{"name":"(anonymous_7)","line":113,"loc":{"start":{"line":113,"column":77},"end":{"line":116,"column":10}},"skip":true},"8":{"name":"(anonymous_8)","line":129,"loc":{"start":{"line":129,"column":12},"end":{"line":129,"column":40}},"skip":true},"9":{"name":"(anonymous_9)","line":137,"loc":{"start":{"line":137,"column":77},"end":{"line":140,"column":10}},"skip":true},"10":{"name":"(anonymous_10)","line":148,"loc":{"start":{"line":148,"column":83},"end":{"line":151,"column":10}},"skip":true},"11":{"name":"(anonymous_11)","line":159,"loc":{"start":{"line":159,"column":79},"end":{"line":162,"column":10}},"skip":true},"12":{"name":"(anonymous_12)","line":170,"loc":{"start":{"line":170,"column":75},"end":{"line":173,"column":10}},"skip":true}},"statementMap":{"1":{"start":{"line":12,"column":0},"end":{"line":185,"column":5}},"2":{"start":{"line":14,"column":4},"end":{"line":14,"column":14}},"3":{"start":{"line":19,"column":4},"end":{"line":56,"column":9}},"4":{"start":{"line":21,"column":8},"end":{"line":21,"column":19}},"5":{"start":{"line":23,"column":8},"end":{"line":35,"column":13}},"6":{"start":{"line":24,"column":12},"end":{"line":34,"column":13}},"7":{"start":{"line":25,"column":16},"end":{"line":28,"column":30}},"8":{"start":{"line":30,"column":16},"end":{"line":33,"column":27}},"9":{"start":{"line":37,"column":8},"end":{"line":39,"column":21}},"10":{"start":{"line":40,"column":8},"end":{"line":53,"column":9}},"11":{"start":{"line":43,"column":12},"end":{"line":46,"column":14}},"12":{"start":{"line":47,"column":12},"end":{"line":47,"column":18}},"13":{"start":{"line":50,"column":12},"end":{"line":51,"column":46}},"14":{"start":{"line":52,"column":12},"end":{"line":52,"column":18}},"15":{"start":{"line":55,"column":8},"end":{"line":55,"column":35}},"16":{"start":{"line":61,"column":4},"end":{"line":63,"column":9}},"17":{"start":{"line":62,"column":8},"end":{"line":62,"column":15}},"18":{"start":{"line":64,"column":4},"end":{"line":77,"column":5}},"19":{"start":{"line":70,"column":8},"end":{"line":70,"column":14}},"20":{"start":{"line":76,"column":8},"end":{"line":76,"column":14}},"21":{"start":{"line":82,"column":4},"end":{"line":84,"column":9}},"22":{"start":{"line":83,"column":8},"end":{"line":83,"column":15}},"23":{"start":{"line":85,"column":4},"end":{"line":184,"column":5}},"24":{"start":{"line":92,"column":8},"end":{"line":94,"column":63}},"25":{"start":{"line":95,"column":8},"end":{"line":95,"column":14}},"26":{"start":{"line":102,"column":8},"end":{"line":111,"column":10},"skip":true},"27":{"start":{"line":109,"column":12},"end":{"line":109,"column":55},"skip":true},"28":{"start":{"line":110,"column":12},"end":{"line":110,"column":48},"skip":true},"29":{"start":{"line":113,"column":8},"end":{"line":126,"column":10},"skip":true},"30":{"start":{"line":120,"column":12},"end":{"line":120,"column":76},"skip":true},"31":{"start":{"line":121,"column":12},"end":{"line":121,"column":73},"skip":true},"32":{"start":{"line":122,"column":12},"end":{"line":122,"column":74},"skip":true},"33":{"start":{"line":123,"column":12},"end":{"line":123,"column":79},"skip":true},"34":{"start":{"line":124,"column":12},"end":{"line":124,"column":25},"skip":true},"35":{"start":{"line":125,"column":12},"end":{"line":125,"column":45},"skip":true},"36":{"start":{"line":128,"column":8},"end":{"line":135,"column":14},"skip":true},"37":{"start":{"line":133,"column":16},"end":{"line":133,"column":29},"skip":true},"38":{"start":{"line":134,"column":16},"end":{"line":134,"column":55},"skip":true},"39":{"start":{"line":137,"column":8},"end":{"line":146,"column":10},"skip":true},"40":{"start":{"line":144,"column":12},"end":{"line":144,"column":25},"skip":true},"41":{"start":{"line":145,"column":12},"end":{"line":145,"column":45},"skip":true},"42":{"start":{"line":148,"column":8},"end":{"line":157,"column":10},"skip":true},"43":{"start":{"line":155,"column":12},"end":{"line":155,"column":25},"skip":true},"44":{"start":{"line":156,"column":12},"end":{"line":156,"column":48},"skip":true},"45":{"start":{"line":159,"column":8},"end":{"line":168,"column":10},"skip":true},"46":{"start":{"line":166,"column":12},"end":{"line":166,"column":25},"skip":true},"47":{"start":{"line":167,"column":12},"end":{"line":167,"column":46},"skip":true},"48":{"start":{"line":170,"column":8},"end":{"line":179,"column":10},"skip":true},"49":{"start":{"line":177,"column":12},"end":{"line":177,"column":94},"skip":true},"50":{"start":{"line":178,"column":12},"end":{"line":178,"column":48},"skip":true},"51":{"start":{"line":182,"column":8},"end":{"line":182,"column":35},"skip":true},"52":{"start":{"line":183,"column":8},"end":{"line":183,"column":14},"skip":true}},"branchMap":{"1":{"line":25,"type":"binary-expr","locations":[{"start":{"line":25,"column":23},"end":{"line":25,"column":62}},{"start":{"line":26,"column":20},"end":{"line":26,"column":70}},{"start":{"line":27,"column":20},"end":{"line":27,"column":71}},{"start":{"line":28,"column":20},"end":{"line":28,"column":29}}]},"2":{"line":30,"type":"binary-expr","locations":[{"start":{"line":30,"column":23},"end":{"line":30,"column":37}},{"start":{"line":31,"column":20},"end":{"line":31,"column":61}},{"start":{"line":32,"column":20},"end":{"line":32,"column":70}},{"start":{"line":33,"column":20},"end":{"line":33,"column":26}}]},"3":{"line":37,"type":"cond-expr","locations":[{"start":{"line":38,"column":14},"end":{"line":38,"column":20}},{"start":{"line":39,"column":14},"end":{"line":39,"column":20}}]},"4":{"line":40,"type":"switch","locations":[{"start":{"line":42,"column":8},"end":{"line":47,"column":18}},{"start":{"line":49,"column":8},"end":{"line":52,"column":18}}]},"5":{"line":44,"type":"binary-expr","locations":[{"start":{"line":44,"column":16},"end":{"line":44,"column":44}},{"start":{"line":44,"column":48},"end":{"line":44,"column":66}}]},"6":{"line":50,"type":"binary-expr","locations":[{"start":{"line":50,"column":21},"end":{"line":50,"column":49}},{"start":{"line":50,"column":53},"end":{"line":50,"column":72}}]},"7":{"line":64,"type":"switch","locations":[{"start":{"line":69,"column":4},"end":{"line":70,"column":14}},{"start":{"line":75,"column":4},"end":{"line":76,"column":14}}]},"8":{"line":85,"type":"switch","locations":[{"start":{"line":90,"column":4},"end":{"line":95,"column":14}},{"start":{"line":101,"column":4},"end":{"line":183,"column":14},"skip":true}]},"9":{"line":92,"type":"binary-expr","locations":[{"start":{"line":92,"column":18},"end":{"line":92,"column":32}},{"start":{"line":93,"column":12},"end":{"line":93,"column":53}},{"start":{"line":94,"column":12},"end":{"line":94,"column":61}}]},"10":{"line":102,"type":"binary-expr","locations":[{"start":{"line":102,"column":45},"end":{"line":102,"column":79},"skip":true},{"start":{"line":102,"column":83},"end":{"line":111,"column":9},"skip":true}]},"11":{"line":113,"type":"binary-expr","locations":[{"start":{"line":113,"column":42},"end":{"line":113,"column":73},"skip":true},{"start":{"line":113,"column":77},"end":{"line":126,"column":9},"skip":true}]},"12":{"line":128,"type":"binary-expr","locations":[{"start":{"line":128,"column":48},"end":{"line":128,"column":85},"skip":true},{"start":{"line":129,"column":12},"end":{"line":135,"column":13},"skip":true}]},"13":{"line":137,"type":"binary-expr","locations":[{"start":{"line":137,"column":42},"end":{"line":137,"column":73},"skip":true},{"start":{"line":137,"column":77},"end":{"line":146,"column":9},"skip":true}]},"14":{"line":148,"type":"binary-expr","locations":[{"start":{"line":148,"column":45},"end":{"line":148,"column":79},"skip":true},{"start":{"line":148,"column":83},"end":{"line":157,"column":9},"skip":true}]},"15":{"line":159,"type":"binary-expr","locations":[{"start":{"line":159,"column":43},"end":{"line":159,"column":75},"skip":true},{"start":{"line":159,"column":79},"end":{"line":168,"column":9},"skip":true}]},"16":{"line":170,"type":"binary-expr","locations":[{"start":{"line":170,"column":41},"end":{"line":170,"column":71},"skip":true},{"start":{"line":170,"column":75},"end":{"line":179,"column":9},"skip":true}]}},"code":["/* istanbul instrument in package npmtest_generator_ng_poly */","/*jslint","    bitwise: true,","    browser: true,","    maxerr: 8,","    maxlen: 96,","    node: true,","    nomen: true,","    regexp: true,","    stupid: true","*/","(function () {","    'use strict';","    var local;","","","","    // run shared js-env code - pre-init","    (function () {","        // init local","        local = {};","        // init modeJs","        local.modeJs = (function () {","            try {","                return typeof navigator.userAgent === 'string' &&","                    typeof document.querySelector('body') === 'object' &&","                    typeof XMLHttpRequest.prototype.open === 'function' &&","                    'browser';","            } catch (errorCaughtBrowser) {","                return module.exports &&","                    typeof process.versions.node === 'string' &&","                    typeof require('http').createServer === 'function' &&","                    'node';","            }","        }());","        // init global","        local.global = local.modeJs === 'browser'","            ? window","            : global;","        switch (local.modeJs) {","        // re-init local from window.local","        case 'browser':","            local = local.global.utility2.objectSetDefault(","                local.global.utility2_rollup || local.global.local,","                local.global.utility2","            );","            break;","        // re-init local from example.js","        case 'node':","            local = (local.global.utility2_rollup || require('utility2'))","                .requireExampleJsFromReadme();","            break;","        }","        // export local","        local.global.local = local;","    }());","","","","    // run shared js-env code - function","    (function () {","        return;","    }());","    switch (local.modeJs) {","","","","    // run browser js-env code - function","    case 'browser':","        break;","","","","    // run node js-env code - function","    case 'node':","        break;","    }","","","","    // run shared js-env code - post-init","    (function () {","        return;","    }());","    switch (local.modeJs) {","","","","    // run browser js-env code - post-init","    case 'browser':","        // run tests","        local.nop(local.modeTest &&","            document.querySelector('#testRunButton1') &&","            document.querySelector('#testRunButton1').click());","        break;","","","","    // run node js-env code - post-init","    /* istanbul ignore next */","    case 'node':","        local.testCase_buildApidoc_default = local.testCase_buildApidoc_default || function (","            options,","            onError","        ) {","        /*","         * this function will test buildApidoc's default handling-behavior-behavior","         */","            options = { modulePathList: module.paths };","            local.buildApidoc(options, onError);","        };","","        local.testCase_buildApp_default = local.testCase_buildApp_default || function (","            options,","            onError","        ) {","        /*","         * this function will test buildApp's default handling-behavior-behavior","         */","            local.testCase_buildReadme_default(options, local.onErrorThrow);","            local.testCase_buildLib_default(options, local.onErrorThrow);","            local.testCase_buildTest_default(options, local.onErrorThrow);","            local.testCase_buildCustomOrg_default(options, local.onErrorThrow);","            options = [];","            local.buildApp(options, onError);","        };","","        local.testCase_buildCustomOrg_default = local.testCase_buildCustomOrg_default ||","            function (options, onError) {","            /*","             * this function will test buildCustomOrg's default handling-behavior","             */","                options = {};","                local.buildCustomOrg(options, onError);","            };","","        local.testCase_buildLib_default = local.testCase_buildLib_default || function (","            options,","            onError","        ) {","        /*","         * this function will test buildLib's default handling-behavior","         */","            options = {};","            local.buildLib(options, onError);","        };","","        local.testCase_buildReadme_default = local.testCase_buildReadme_default || function (","            options,","            onError","        ) {","        /*","         * this function will test buildReadme's default handling-behavior-behavior","         */","            options = {};","            local.buildReadme(options, onError);","        };","","        local.testCase_buildTest_default = local.testCase_buildTest_default || function (","            options,","            onError","        ) {","        /*","         * this function will test buildTest's default handling-behavior","         */","            options = {};","            local.buildTest(options, onError);","        };","","        local.testCase_webpage_default = local.testCase_webpage_default || function (","            options,","            onError","        ) {","        /*","         * this function will test webpage's default handling-behavior","         */","            options = { modeCoverageMerge: true, url: local.serverLocalHost + '?modeTest=1' };","            local.browserTest(options, onError);","        };","","        // run test-server","        local.testRunServer(local);","        break;","    }","}());",""],"l":{"12":2,"14":2,"19":2,"21":2,"23":2,"24":2,"25":2,"30":1,"37":2,"40":2,"43":1,"47":1,"50":1,"52":1,"55":2,"61":2,"62":2,"64":2,"70":1,"76":1,"82":2,"83":2,"85":2,"92":1,"95":1,"102":1,"109":1,"110":1,"113":1,"120":1,"121":1,"122":1,"123":1,"124":1,"125":1,"128":1,"133":2,"134":2,"137":1,"144":2,"145":2,"148":1,"155":2,"156":2,"159":1,"166":2,"167":2,"170":1,"177":1,"178":1,"182":1,"183":1}},"/home/travis/build/npmtest/node-npmtest-generator-ng-poly/lib.npmtest_generator_ng_poly.js":{"path":"/home/travis/build/npmtest/node-npmtest-generator-ng-poly/lib.npmtest_generator_ng_poly.js","s":{"1":2,"2":2,"3":2,"4":2,"5":2,"6":2,"7":2,"8":1,"9":2,"10":2,"11":2,"12":2,"13":1,"14":1,"15":1,"16":1},"b":{"1":[2,1,1,1],"2":[1,1,1,1],"3":[1,1],"4":[2,2],"5":[1,1]},"f":{"1":2,"2":2,"3":2},"fnMap":{"1":{"name":"(anonymous_1)","line":12,"loc":{"start":{"line":12,"column":1},"end":{"line":12,"column":13}}},"2":{"name":"(anonymous_2)","line":19,"loc":{"start":{"line":19,"column":5},"end":{"line":19,"column":17}}},"3":{"name":"(anonymous_3)","line":23,"loc":{"start":{"line":23,"column":24},"end":{"line":23,"column":36}}}},"statementMap":{"1":{"start":{"line":12,"column":0},"end":{"line":53,"column":5}},"2":{"start":{"line":14,"column":4},"end":{"line":14,"column":14}},"3":{"start":{"line":19,"column":4},"end":{"line":52,"column":9}},"4":{"start":{"line":21,"column":8},"end":{"line":21,"column":19}},"5":{"start":{"line":23,"column":8},"end":{"line":35,"column":13}},"6":{"start":{"line":24,"column":12},"end":{"line":34,"column":13}},"7":{"start":{"line":25,"column":16},"end":{"line":28,"column":30}},"8":{"start":{"line":30,"column":16},"end":{"line":33,"column":27}},"9":{"start":{"line":37,"column":8},"end":{"line":39,"column":21}},"10":{"start":{"line":41,"column":8},"end":{"line":41,"column":54}},"11":{"start":{"line":43,"column":8},"end":{"line":43,"column":62}},"12":{"start":{"line":45,"column":8},"end":{"line":51,"column":9}},"13":{"start":{"line":46,"column":12},"end":{"line":46,"column":68}},"14":{"start":{"line":48,"column":12},"end":{"line":48,"column":35}},"15":{"start":{"line":49,"column":12},"end":{"line":49,"column":49}},"16":{"start":{"line":50,"column":12},"end":{"line":50,"column":43}}},"branchMap":{"1":{"line":25,"type":"binary-expr","locations":[{"start":{"line":25,"column":23},"end":{"line":25,"column":62}},{"start":{"line":26,"column":20},"end":{"line":26,"column":70}},{"start":{"line":27,"column":20},"end":{"line":27,"column":71}},{"start":{"line":28,"column":20},"end":{"line":28,"column":29}}]},"2":{"line":30,"type":"binary-expr","locations":[{"start":{"line":30,"column":23},"end":{"line":30,"column":37}},{"start":{"line":31,"column":20},"end":{"line":31,"column":61}},{"start":{"line":32,"column":20},"end":{"line":32,"column":70}},{"start":{"line":33,"column":20},"end":{"line":33,"column":26}}]},"3":{"line":37,"type":"cond-expr","locations":[{"start":{"line":38,"column":14},"end":{"line":38,"column":20}},{"start":{"line":39,"column":14},"end":{"line":39,"column":20}}]},"4":{"line":41,"type":"binary-expr","locations":[{"start":{"line":41,"column":16},"end":{"line":41,"column":44}},{"start":{"line":41,"column":48},"end":{"line":41,"column":53}}]},"5":{"line":45,"type":"if","locations":[{"start":{"line":45,"column":8},"end":{"line":45,"column":8}},{"start":{"line":45,"column":8},"end":{"line":45,"column":8}}]}},"code":["/* istanbul instrument in package npmtest_generator_ng_poly */","/*jslint","    bitwise: true,","    browser: true,","    maxerr: 8,","    maxlen: 96,","    node: true,","    nomen: true,","    regexp: true,","    stupid: true","*/","(function () {","    'use strict';","    var local;","","","","    // run shared js-env code - pre-init","    (function () {","        // init local","        local = {};","        // init modeJs","        local.modeJs = (function () {","            try {","                return typeof navigator.userAgent === 'string' &&","                    typeof document.querySelector('body') === 'object' &&","                    typeof XMLHttpRequest.prototype.open === 'function' &&","                    'browser';","            } catch (errorCaughtBrowser) {","                return module.exports &&","                    typeof process.versions.node === 'string' &&","                    typeof require('http').createServer === 'function' &&","                    'node';","            }","        }());","        // init global","        local.global = local.modeJs === 'browser'","            ? window","            : global;","        // init utility2_rollup","        local = local.global.utility2_rollup || local;","        // init lib","        local.local = local.npmtest_generator_ng_poly = local;","        // init exports","        if (local.modeJs === 'browser') {","            local.global.utility2_npmtest_generator_ng_poly = local;","        } else {","            module.exports = local;","            module.exports.__dirname = __dirname;","            module.exports.module = module;","        }","    }());","}());",""],"l":{"12":2,"14":2,"19":2,"21":2,"23":2,"24":2,"25":2,"30":1,"37":2,"41":2,"43":2,"45":2,"46":1,"48":1,"49":1,"50":1}},"/home/travis/build/npmtest/node-npmtest-generator-ng-poly/example.js":{"path":"/home/travis/build/npmtest/node-npmtest-generator-ng-poly/example.js","s":{"1":2,"2":2,"3":2,"4":2,"5":2,"6":2,"7":2,"8":1,"9":2,"10":2,"11":2,"12":2,"13":1,"14":2,"15":2,"16":2,"17":2,"18":2,"19":0,"20":2,"21":1,"22":1,"23":1,"24":1,"25":1,"26":0,"27":0,"28":1,"29":1,"30":2,"31":0,"32":0,"33":0,"34":1,"35":2,"36":2,"37":2,"38":2,"39":2,"40":2,"41":0,"42":2,"43":2,"44":2,"45":1,"46":3,"47":1,"48":1,"49":1,"50":1,"51":1,"52":1,"53":1,"54":1,"55":1,"56":1,"57":0,"58":1,"59":6,"60":6,"61":1,"62":2,"63":0,"64":2,"65":1,"66":1,"67":0,"68":0,"69":0,"70":0,"71":0,"72":0,"73":0,"74":0,"75":0,"76":0,"77":0,"78":0,"79":0,"80":0,"81":0,"82":0,"83":0},"b":{"1":[2,1,1,1],"2":[1,1,1,1],"3":[1,1],"4":[2,2],"5":[1,1],"6":[1,1],"7":[2,0],"8":[2,1,1,1,1,1],"9":[0,2,0],"10":[1,1],"11":[2,1,1],"12":[1,0],"13":[0,2],"14":[2,0,0,0,0,0,0],"15":[0,2],"16":[2,0],"17":[1,1],"18":[0,1],"19":[1,2,0,2],"20":[1,0],"21":[1,1],"22":[0,0],"23":[0,0],"24":[0,0],"25":[0,0],"26":[0,0],"27":[0,0],"28":[0,0]},"f":{"1":2,"2":2,"3":2,"4":2,"5":2,"6":2,"7":2,"8":2,"9":3,"10":1,"11":6,"12":0},"fnMap":{"1":{"name":"(anonymous_1)","line":26,"loc":{"start":{"line":26,"column":1},"end":{"line":26,"column":13}}},"2":{"name":"(anonymous_2)","line":33,"loc":{"start":{"line":33,"column":5},"end":{"line":33,"column":17}}},"3":{"name":"(anonymous_3)","line":37,"loc":{"start":{"line":37,"column":24},"end":{"line":37,"column":36}}},"4":{"name":"(anonymous_4)","line":69,"loc":{"start":{"line":69,"column":31},"end":{"line":69,"column":48}},"skip":true},"5":{"name":"(anonymous_5)","line":78,"loc":{"start":{"line":78,"column":26},"end":{"line":78,"column":45}},"skip":true},"6":{"name":"(anonymous_6)","line":123,"loc":{"start":{"line":123,"column":33},"end":{"line":123,"column":48}},"skip":true},"7":{"name":"(anonymous_7)","line":125,"loc":{"start":{"line":125,"column":27},"end":{"line":125,"column":39}},"skip":true},"8":{"name":"(anonymous_8)","line":133,"loc":{"start":{"line":133,"column":59},"end":{"line":133,"column":74}},"skip":true},"9":{"name":"(anonymous_9)","line":143,"loc":{"start":{"line":143,"column":45},"end":{"line":143,"column":62}},"skip":true},"10":{"name":"(anonymous_10)","line":144,"loc":{"start":{"line":144,"column":73},"end":{"line":144,"column":92}},"skip":true},"11":{"name":"(anonymous_11)","line":272,"loc":{"start":{"line":272,"column":51},"end":{"line":272,"column":77}},"skip":true},"12":{"name":"(anonymous_12)","line":314,"loc":{"start":{"line":314,"column":32},"end":{"line":314,"column":61}},"skip":true}},"statementMap":{"1":{"start":{"line":26,"column":0},"end":{"line":325,"column":5}},"2":{"start":{"line":28,"column":4},"end":{"line":28,"column":14}},"3":{"start":{"line":33,"column":4},"end":{"line":60,"column":9}},"4":{"start":{"line":35,"column":8},"end":{"line":35,"column":19}},"5":{"start":{"line":37,"column":8},"end":{"line":49,"column":13}},"6":{"start":{"line":38,"column":12},"end":{"line":48,"column":13}},"7":{"start":{"line":39,"column":16},"end":{"line":42,"column":30}},"8":{"start":{"line":44,"column":16},"end":{"line":47,"column":27}},"9":{"start":{"line":51,"column":8},"end":{"line":53,"column":21}},"10":{"start":{"line":55,"column":8},"end":{"line":57,"column":45}},"11":{"start":{"line":59,"column":8},"end":{"line":59,"column":35}},"12":{"start":{"line":61,"column":4},"end":{"line":324,"column":5}},"13":{"start":{"line":69,"column":8},"end":{"line":121,"column":10},"skip":true},"14":{"start":{"line":70,"column":12},"end":{"line":88,"column":13},"skip":true},"15":{"start":{"line":76,"column":16},"end":{"line":87,"column":19},"skip":true},"16":{"start":{"line":79,"column":20},"end":{"line":86,"column":21},"skip":true},"17":{"start":{"line":82,"column":24},"end":{"line":82,"column":43},"skip":true},"18":{"start":{"line":83,"column":24},"end":{"line":83,"column":30},"skip":true},"19":{"start":{"line":85,"column":24},"end":{"line":85,"column":49},"skip":true},"20":{"start":{"line":89,"column":12},"end":{"line":107,"column":13},"skip":true},"21":{"start":{"line":92,"column":16},"end":{"line":102,"column":17},"skip":true},"22":{"start":{"line":93,"column":20},"end":{"line":93,"column":86},"skip":true},"23":{"start":{"line":94,"column":20},"end":{"line":95,"column":45},"skip":true},"24":{"start":{"line":96,"column":20},"end":{"line":96,"column":42},"skip":true},"25":{"start":{"line":97,"column":20},"end":{"line":97,"column":48},"skip":true},"26":{"start":{"line":100,"column":20},"end":{"line":100,"column":85},"skip":true},"27":{"start":{"line":101,"column":20},"end":{"line":101,"column":96},"skip":true},"28":{"start":{"line":103,"column":16},"end":{"line":103,"column":22},"skip":true},"29":{"start":{"line":106,"column":16},"end":{"line":106,"column":22},"skip":true},"30":{"start":{"line":108,"column":12},"end":{"line":120,"column":13},"skip":true},"31":{"start":{"line":114,"column":16},"end":{"line":119,"column":17},"skip":true},"32":{"start":{"line":116,"column":20},"end":{"line":116,"column":78},"skip":true},"33":{"start":{"line":118,"column":20},"end":{"line":118,"column":47},"skip":true},"34":{"start":{"line":123,"column":8},"end":{"line":141,"column":11},"skip":true},"35":{"start":{"line":124,"column":12},"end":{"line":124,"column":54},"skip":true},"36":{"start":{"line":125,"column":12},"end":{"line":140,"column":14},"skip":true},"37":{"start":{"line":126,"column":16},"end":{"line":126,"column":28},"skip":true},"38":{"start":{"line":127,"column":16},"end":{"line":127,"column":69},"skip":true},"39":{"start":{"line":128,"column":16},"end":{"line":128,"column":75},"skip":true},"40":{"start":{"line":129,"column":16},"end":{"line":131,"column":17},"skip":true},"41":{"start":{"line":130,"column":20},"end":{"line":130,"column":27},"skip":true},"42":{"start":{"line":133,"column":16},"end":{"line":137,"column":36},"skip":true},"43":{"start":{"line":134,"column":20},"end":{"line":136,"column":55},"skip":true},"44":{"start":{"line":139,"column":16},"end":{"line":139,"column":57},"skip":true},"45":{"start":{"line":143,"column":8},"end":{"line":147,"column":11},"skip":true},"46":{"start":{"line":144,"column":12},"end":{"line":146,"column":15},"skip":true},"47":{"start":{"line":145,"column":16},"end":{"line":145,"column":70},"skip":true},"48":{"start":{"line":149,"column":8},"end":{"line":149,"column":31},"skip":true},"49":{"start":{"line":150,"column":8},"end":{"line":150,"column":14},"skip":true},"50":{"start":{"line":158,"column":8},"end":{"line":158,"column":31},"skip":true},"51":{"start":{"line":160,"column":8},"end":{"line":160,"column":33},"skip":true},"52":{"start":{"line":161,"column":8},"end":{"line":161,"column":37},"skip":true},"53":{"start":{"line":162,"column":8},"end":{"line":162,"column":35},"skip":true},"54":{"start":{"line":164,"column":8},"end":{"line":164,"column":50},"skip":true},"55":{"start":{"line":166,"column":8},"end":{"line":256,"column":2},"skip":true},"56":{"start":{"line":258,"column":8},"end":{"line":286,"column":9},"skip":true},"57":{"start":{"line":259,"column":12},"end":{"line":269,"column":14},"skip":true},"58":{"start":{"line":271,"column":12},"end":{"line":285,"column":19},"skip":true},"59":{"start":{"line":274,"column":20},"end":{"line":274,"column":35},"skip":true},"60":{"start":{"line":275,"column":20},"end":{"line":284,"column":21},"skip":true},"61":{"start":{"line":277,"column":24},"end":{"line":277,"column":64},"skip":true},"62":{"start":{"line":279,"column":24},"end":{"line":279,"column":40},"skip":true},"63":{"start":{"line":281,"column":24},"end":{"line":281,"column":40},"skip":true},"64":{"start":{"line":283,"column":24},"end":{"line":283,"column":39},"skip":true},"65":{"start":{"line":288,"column":8},"end":{"line":290,"column":9},"skip":true},"66":{"start":{"line":289,"column":12},"end":{"line":289,"column":18},"skip":true},"67":{"start":{"line":291,"column":8},"end":{"line":293,"column":54},"skip":true},"68":{"start":{"line":294,"column":8},"end":{"line":301,"column":37},"skip":true},"69":{"start":{"line":302,"column":8},"end":{"line":302,"column":82},"skip":true},"70":{"start":{"line":305,"column":8},"end":{"line":307,"column":9},"skip":true},"71":{"start":{"line":306,"column":12},"end":{"line":306,"column":82},"skip":true},"72":{"start":{"line":309,"column":8},"end":{"line":311,"column":9},"skip":true},"73":{"start":{"line":310,"column":12},"end":{"line":310,"column":18},"skip":true},"74":{"start":{"line":312,"column":8},"end":{"line":312,"column":54},"skip":true},"75":{"start":{"line":313,"column":8},"end":{"line":313,"column":69},"skip":true},"76":{"start":{"line":314,"column":8},"end":{"line":322,"column":36},"skip":true},"77":{"start":{"line":315,"column":12},"end":{"line":315,"column":61},"skip":true},"78":{"start":{"line":316,"column":12},"end":{"line":319,"column":13},"skip":true},"79":{"start":{"line":317,"column":16},"end":{"line":317,"column":75},"skip":true},"80":{"start":{"line":318,"column":16},"end":{"line":318,"column":23},"skip":true},"81":{"start":{"line":320,"column":12},"end":{"line":320,"column":38},"skip":true},"82":{"start":{"line":321,"column":12},"end":{"line":321,"column":27},"skip":true},"83":{"start":{"line":323,"column":8},"end":{"line":323,"column":14},"skip":true}},"branchMap":{"1":{"line":39,"type":"binary-expr","locations":[{"start":{"line":39,"column":23},"end":{"line":39,"column":62}},{"start":{"line":40,"column":20},"end":{"line":40,"column":70}},{"start":{"line":41,"column":20},"end":{"line":41,"column":71}},{"start":{"line":42,"column":20},"end":{"line":42,"column":29}}]},"2":{"line":44,"type":"binary-expr","locations":[{"start":{"line":44,"column":23},"end":{"line":44,"column":37}},{"start":{"line":45,"column":20},"end":{"line":45,"column":61}},{"start":{"line":46,"column":20},"end":{"line":46,"column":70}},{"start":{"line":47,"column":20},"end":{"line":47,"column":26}}]},"3":{"line":51,"type":"cond-expr","locations":[{"start":{"line":52,"column":14},"end":{"line":52,"column":20}},{"start":{"line":53,"column":14},"end":{"line":53,"column":20}}]},"4":{"line":55,"type":"binary-expr","locations":[{"start":{"line":55,"column":16},"end":{"line":55,"column":44}},{"start":{"line":55,"column":49},"end":{"line":57,"column":43}}]},"5":{"line":55,"type":"cond-expr","locations":[{"start":{"line":56,"column":14},"end":{"line":56,"column":61}},{"start":{"line":57,"column":14},"end":{"line":57,"column":43}}]},"6":{"line":61,"type":"switch","locations":[{"start":{"line":68,"column":4},"end":{"line":150,"column":14},"skip":true},{"start":{"line":156,"column":4},"end":{"line":323,"column":14},"skip":true}]},"7":{"line":70,"type":"if","locations":[{"start":{"line":70,"column":12},"end":{"line":70,"column":12},"skip":true},{"start":{"line":70,"column":12},"end":{"line":70,"column":12},"skip":true}]},"8":{"line":70,"type":"binary-expr","locations":[{"start":{"line":70,"column":16},"end":{"line":70,"column":22},"skip":true},{"start":{"line":70,"column":27},"end":{"line":70,"column":32},"skip":true},{"start":{"line":71,"column":20},"end":{"line":71,"column":39},"skip":true},{"start":{"line":72,"column":20},"end":{"line":72,"column":49},"skip":true},{"start":{"line":73,"column":20},"end":{"line":73,"column":58},"skip":true},{"start":{"line":74,"column":20},"end":{"line":74,"column":69},"skip":true}]},"9":{"line":79,"type":"switch","locations":[{"start":{"line":80,"column":20},"end":{"line":80,"column":33},"skip":true},{"start":{"line":81,"column":20},"end":{"line":83,"column":30},"skip":true},{"start":{"line":84,"column":20},"end":{"line":85,"column":49},"skip":true}]},"10":{"line":89,"type":"switch","locations":[{"start":{"line":90,"column":12},"end":{"line":103,"column":22},"skip":true},{"start":{"line":105,"column":12},"end":{"line":106,"column":22},"skip":true}]},"11":{"line":89,"type":"binary-expr","locations":[{"start":{"line":89,"column":20},"end":{"line":89,"column":25},"skip":true},{"start":{"line":89,"column":29},"end":{"line":89,"column":48},"skip":true},{"start":{"line":89,"column":52},"end":{"line":89,"column":74},"skip":true}]},"12":{"line":92,"type":"if","locations":[{"start":{"line":92,"column":16},"end":{"line":92,"column":16},"skip":true},{"start":{"line":92,"column":16},"end":{"line":92,"column":16},"skip":true}]},"13":{"line":108,"type":"if","locations":[{"start":{"line":108,"column":12},"end":{"line":108,"column":12},"skip":true},{"start":{"line":108,"column":12},"end":{"line":108,"column":12},"skip":true}]},"14":{"line":108,"type":"binary-expr","locations":[{"start":{"line":108,"column":16},"end":{"line":108,"column":61},"skip":true},{"start":{"line":108,"column":66},"end":{"line":108,"column":72},"skip":true},{"start":{"line":108,"column":77},"end":{"line":108,"column":82},"skip":true},{"start":{"line":109,"column":20},"end":{"line":109,"column":39},"skip":true},{"start":{"line":110,"column":20},"end":{"line":110,"column":49},"skip":true},{"start":{"line":111,"column":20},"end":{"line":111,"column":58},"skip":true},{"start":{"line":112,"column":20},"end":{"line":112,"column":68},"skip":true}]},"15":{"line":129,"type":"if","locations":[{"start":{"line":129,"column":16},"end":{"line":129,"column":16},"skip":true},{"start":{"line":129,"column":16},"end":{"line":129,"column":16},"skip":true}]},"16":{"line":134,"type":"cond-expr","locations":[{"start":{"line":135,"column":26},"end":{"line":135,"column":29},"skip":true},{"start":{"line":136,"column":26},"end":{"line":136,"column":54},"skip":true}]},"17":{"line":164,"type":"binary-expr","locations":[{"start":{"line":164,"column":27},"end":{"line":164,"column":43},"skip":true},{"start":{"line":164,"column":47},"end":{"line":164,"column":49},"skip":true}]},"18":{"line":258,"type":"if","locations":[{"start":{"line":258,"column":8},"end":{"line":258,"column":8},"skip":true},{"start":{"line":258,"column":8},"end":{"line":258,"column":8},"skip":true}]},"19":{"line":275,"type":"switch","locations":[{"start":{"line":276,"column":20},"end":{"line":277,"column":64},"skip":true},{"start":{"line":278,"column":20},"end":{"line":279,"column":40},"skip":true},{"start":{"line":280,"column":20},"end":{"line":281,"column":40},"skip":true},{"start":{"line":282,"column":20},"end":{"line":283,"column":39},"skip":true}]},"20":{"line":288,"type":"if","locations":[{"start":{"line":288,"column":8},"end":{"line":288,"column":8},"skip":true},{"start":{"line":288,"column":8},"end":{"line":288,"column":8},"skip":true}]},"21":{"line":288,"type":"binary-expr","locations":[{"start":{"line":288,"column":12},"end":{"line":288,"column":40},"skip":true},{"start":{"line":288,"column":44},"end":{"line":288,"column":67},"skip":true}]},"22":{"line":292,"type":"binary-expr","locations":[{"start":{"line":292,"column":12},"end":{"line":292,"column":50},"skip":true},{"start":{"line":293,"column":12},"end":{"line":293,"column":53},"skip":true}]},"23":{"line":295,"type":"binary-expr","locations":[{"start":{"line":295,"column":12},"end":{"line":295,"column":75},"skip":true},{"start":{"line":296,"column":12},"end":{"line":301,"column":36},"skip":true}]},"24":{"line":302,"type":"binary-expr","locations":[{"start":{"line":302,"column":43},"end":{"line":302,"column":75},"skip":true},{"start":{"line":302,"column":79},"end":{"line":302,"column":81},"skip":true}]},"25":{"line":305,"type":"if","locations":[{"start":{"line":305,"column":8},"end":{"line":305,"column":8},"skip":true},{"start":{"line":305,"column":8},"end":{"line":305,"column":8},"skip":true}]},"26":{"line":309,"type":"if","locations":[{"start":{"line":309,"column":8},"end":{"line":309,"column":8},"skip":true},{"start":{"line":309,"column":8},"end":{"line":309,"column":8},"skip":true}]},"27":{"line":312,"type":"binary-expr","locations":[{"start":{"line":312,"column":27},"end":{"line":312,"column":43},"skip":true},{"start":{"line":312,"column":47},"end":{"line":312,"column":53},"skip":true}]},"28":{"line":316,"type":"if","locations":[{"start":{"line":316,"column":12},"end":{"line":316,"column":12},"skip":true},{"start":{"line":316,"column":12},"end":{"line":316,"column":12},"skip":true}]}},"code":["/*","example.js","","quickstart example","","instruction","    1. save this script as example.js","    2. run the shell command:","        $ npm install npmtest-generator-ng-poly && PORT=8081 node example.js","    3. play with the browser-demo on http://127.0.0.1:8081","*/","","","","/* istanbul instrument in package npmtest_generator_ng_poly */","/*jslint","    bitwise: true,","    browser: true,","    maxerr: 8,","    maxlen: 96,","    node: true,","    nomen: true,","    regexp: true,","    stupid: true","*/","(function () {","    'use strict';","    var local;","","","","    // run shared js-env code - pre-init","    (function () {","        // init local","        local = {};","        // init modeJs","        local.modeJs = (function () {","            try {","                return typeof navigator.userAgent === 'string' &&","                    typeof document.querySelector('body') === 'object' &&","                    typeof XMLHttpRequest.prototype.open === 'function' &&","                    'browser';","            } catch (errorCaughtBrowser) {","                return module.exports &&","                    typeof process.versions.node === 'string' &&","                    typeof require('http').createServer === 'function' &&","                    'node';","            }","        }());","        // init global","        local.global = local.modeJs === 'browser'","            ? window","            : global;","        // init utility2_rollup","        local = local.global.utility2_rollup || (local.modeJs === 'browser'","            ? local.global.utility2_npmtest_generator_ng_poly","            : global.utility2_moduleExports);","        // export local","        local.global.local = local;","    }());","    switch (local.modeJs) {","","","","    // post-init","    // run browser js-env code - post-init","    /* istanbul ignore next */","    case 'browser':","        local.testRunBrowser = function (event) {","            if (!event || (event &&","                    event.currentTarget &&","                    event.currentTarget.className &&","                    event.currentTarget.className.includes &&","                    event.currentTarget.className.includes('onreset'))) {","                // reset output","                Array.from(","                    document.querySelectorAll('body > .resettable')","                ).forEach(function (element) {","                    switch (element.tagName) {","                    case 'INPUT':","                    case 'TEXTAREA':","                        element.value = '';","                        break;","                    default:","                        element.textContent = '';","                    }","                });","            }","            switch (event && event.currentTarget && event.currentTarget.id) {","            case 'testRunButton1':","                // show tests","                if (document.querySelector('#testReportDiv1').style.display === 'none') {","                    document.querySelector('#testReportDiv1').style.display = 'block';","                    document.querySelector('#testRunButton1').textContent =","                        'hide internal test';","                    local.modeTest = true;","                    local.testRunDefault(local);","                // hide tests","                } else {","                    document.querySelector('#testReportDiv1').style.display = 'none';","                    document.querySelector('#testRunButton1').textContent = 'run internal test';","                }","                break;","            // custom-case","            default:","                break;","            }","            if (document.querySelector('#inputTextareaEval1') && (!event || (event &&","                    event.currentTarget &&","                    event.currentTarget.className &&","                    event.currentTarget.className.includes &&","                    event.currentTarget.className.includes('oneval')))) {","                // try to eval input-code","                try {","                    /*jslint evil: true*/","                    eval(document.querySelector('#inputTextareaEval1').value);","                } catch (errorCaught) {","                    console.error(errorCaught);","                }","            }","        };","        // log stderr and stdout to #outputTextareaStdout1","        ['error', 'log'].forEach(function (key) {","            console[key + '_original'] = console[key];","            console[key] = function () {","                var element;","                console[key + '_original'].apply(console, arguments);","                element = document.querySelector('#outputTextareaStdout1');","                if (!element) {","                    return;","                }","                // append text to #outputTextareaStdout1","                element.value += Array.from(arguments).map(function (arg) {","                    return typeof arg === 'string'","                        ? arg","                        : JSON.stringify(arg, null, 4);","                }).join(' ') + '\\n';","                // scroll textarea to bottom","                element.scrollTop = element.scrollHeight;","            };","        });","        // init event-handling","        ['change', 'click', 'keyup'].forEach(function (event) {","            Array.from(document.querySelectorAll('.on' + event)).forEach(function (element) {","                element.addEventListener(event, local.testRunBrowser);","            });","        });","        // run tests","        local.testRunBrowser();","        break;","","","","    // run node js-env code - post-init","    /* istanbul ignore next */","    case 'node':","        // export local","        module.exports = local;","        // require modules","        local.fs = require('fs');","        local.http = require('http');","        local.url = require('url');","        // init assets","        local.assetsDict = local.assetsDict || {};","        /* jslint-ignore-begin */","        local.assetsDict['/assets.index.template.html'] = '\\","<!doctype html>\\n\\","<html lang=\"en\">\\n\\","<head>\\n\\","<meta charset=\"UTF-8\">\\n\\","<meta name=\"viewport\" content=\"width=device-width, initial-scale=1\">\\n\\","<title>{{env.npm_package_name}} (v{{env.npm_package_version}})</title>\\n\\","<style>\\n\\","/*csslint\\n\\","    box-sizing: false,\\n\\","    universal-selector: false\\n\\","*/\\n\\","* {\\n\\","    box-sizing: border-box;\\n\\","}\\n\\","body {\\n\\","    background: #dde;\\n\\","    font-family: Arial, Helvetica, sans-serif;\\n\\","    margin: 2rem;\\n\\","}\\n\\","body > * {\\n\\","    margin-bottom: 1rem;\\n\\","}\\n\\",".utility2FooterDiv {\\n\\","    margin-top: 20px;\\n\\","    text-align: center;\\n\\","}\\n\\","</style>\\n\\","<style>\\n\\","/*csslint\\n\\","*/\\n\\","textarea {\\n\\","    font-family: monospace;\\n\\","    height: 10rem;\\n\\","    width: 100%;\\n\\","}\\n\\","textarea[readonly] {\\n\\","    background: #ddd;\\n\\","}\\n\\","</style>\\n\\","</head>\\n\\","<body>\\n\\","<!-- utility2-comment\\n\\","<div id=\"ajaxProgressDiv1\" style=\"background: #d00; height: 2px; left: 0; margin: 0; padding: 0; position: fixed; top: 0; transition: background 0.5s, width 1.5s; width: 25%;\"></div>\\n\\","utility2-comment -->\\n\\","<h1>\\n\\","<!-- utility2-comment\\n\\","    <a\\n\\","        {{#if env.npm_package_homepage}}\\n\\","        href=\"{{env.npm_package_homepage}}\"\\n\\","        {{/if env.npm_package_homepage}}\\n\\","        target=\"_blank\"\\n\\","    >\\n\\","utility2-comment -->\\n\\","        {{env.npm_package_name}} (v{{env.npm_package_version}})\\n\\","<!-- utility2-comment\\n\\","    </a>\\n\\","utility2-comment -->\\n\\","</h1>\\n\\","<h3>{{env.npm_package_description}}</h3>\\n\\","<!-- utility2-comment\\n\\","<h4><a download href=\"assets.app.js\">download standalone app</a></h4>\\n\\","<button class=\"onclick onreset\" id=\"testRunButton1\">run internal test</button><br>\\n\\","<div id=\"testReportDiv1\" style=\"display: none;\"></div>\\n\\","utility2-comment -->\\n\\","\\n\\","\\n\\","\\n\\","<label>stderr and stdout</label>\\n\\","<textarea class=\"resettable\" id=\"outputTextareaStdout1\" readonly></textarea>\\n\\","<!-- utility2-comment\\n\\","{{#if isRollup}}\\n\\","<script src=\"assets.app.js\"></script>\\n\\","{{#unless isRollup}}\\n\\","utility2-comment -->\\n\\","<script src=\"assets.utility2.rollup.js\"></script>\\n\\","<script src=\"jsonp.utility2._stateInit?callback=window.utility2._stateInit\"></script>\\n\\","<script src=\"assets.npmtest_generator_ng_poly.rollup.js\"></script>\\n\\","<script src=\"assets.example.js\"></script>\\n\\","<script src=\"assets.test.js\"></script>\\n\\","<!-- utility2-comment\\n\\","{{/if isRollup}}\\n\\","utility2-comment -->\\n\\","<div class=\"utility2FooterDiv\">\\n\\","    [ this app was created with\\n\\","    <a href=\"https://github.com/kaizhu256/node-utility2\" target=\"_blank\">utility2</a>\\n\\","    ]\\n\\","</div>\\n\\","</body>\\n\\","</html>\\n\\","';","        /* jslint-ignore-end */","        if (local.templateRender) {","            local.assetsDict['/'] = local.templateRender(","                local.assetsDict['/assets.index.template.html'],","                {","                    env: local.objectSetDefault(local.env, {","                        npm_package_description: 'the greatest app in the world!',","                        npm_package_name: 'my-app',","                        npm_package_nameAlias: 'my_app',","                        npm_package_version: '0.0.1'","                    })","                }","            );","        } else {","            local.assetsDict['/'] = local.assetsDict['/assets.index.template.html']","                .replace((/\\{\\{env\\.(\\w+?)\\}\\}/g), function (match0, match1) {","                    // jslint-hack","                    String(match0);","                    switch (match1) {","                    case 'npm_package_description':","                        return 'the greatest app in the world!';","                    case 'npm_package_name':","                        return 'my-app';","                    case 'npm_package_nameAlias':","                        return 'my_app';","                    case 'npm_package_version':","                        return '0.0.1';","                    }","                });","        }","        // run the cli","        if (local.global.utility2_rollup || module !== require.main) {","            break;","        }","        local.assetsDict['/assets.example.js'] =","            local.assetsDict['/assets.example.js'] ||","            local.fs.readFileSync(__filename, 'utf8');","        local.assetsDict['/assets.npmtest_generator_ng_poly.rollup.js'] =","            local.assetsDict['/assets.npmtest_generator_ng_poly.rollup.js'] ||","            local.fs.readFileSync(","                // buildCustomOrg-hack","                local.npmtest_generator_ng_poly.__dirname +","                    '/lib.npmtest_generator_ng_poly.js',","                'utf8'","            ).replace((/^#!/), '//');","        local.assetsDict['/favicon.ico'] = local.assetsDict['/favicon.ico'] || '';","        // if $npm_config_timeout_exit exists,","        // then exit this process after $npm_config_timeout_exit ms","        if (Number(process.env.npm_config_timeout_exit)) {","            setTimeout(process.exit, Number(process.env.npm_config_timeout_exit));","        }","        // start server","        if (local.global.utility2_serverHttp1) {","            break;","        }","        process.env.PORT = process.env.PORT || '8081';","        console.error('server starting on port ' + process.env.PORT);","        local.http.createServer(function (request, response) {","            request.urlParsed = local.url.parse(request.url);","            if (local.assetsDict[request.urlParsed.pathname] !== undefined) {","                response.end(local.assetsDict[request.urlParsed.pathname]);","                return;","            }","            response.statusCode = 404;","            response.end();","        }).listen(process.env.PORT);","        break;","    }","}());",""],"l":{"26":2,"28":2,"33":2,"35":2,"37":2,"38":2,"39":2,"44":1,"51":2,"55":2,"59":2,"61":2,"69":1,"70":2,"76":2,"79":2,"82":2,"83":2,"85":1,"89":2,"92":1,"93":1,"94":1,"96":1,"97":1,"100":1,"101":1,"103":1,"106":1,"108":2,"114":1,"116":1,"118":1,"123":1,"124":2,"125":2,"126":2,"127":2,"128":2,"129":2,"130":1,"133":2,"134":2,"139":2,"143":1,"144":3,"145":1,"149":1,"150":1,"158":1,"160":1,"161":1,"162":1,"164":1,"166":1,"258":1,"259":1,"271":1,"274":6,"275":6,"277":1,"279":2,"281":1,"283":2,"288":1,"289":1,"291":1,"294":1,"302":1,"305":1,"306":1,"309":1,"310":1,"312":1,"313":1,"314":1,"315":1,"316":1,"317":1,"318":1,"320":1,"321":1,"323":1}},"/home/travis/build/npmtest/node-npmtest-generator-ng-poly/node_modules/generator-ng-poly/generators/app/index.js":{"path":"/home/travis/build/npmtest/node-npmtest-generator-ng-poly/node_modules/generator-ng-poly/generators/app/index.js","s":{"1":1,"2":1,"3":1,"4":1,"5":1,"6":1,"7":1,"8":1,"9":1,"10":1,"11":1,"12":1,"13":1,"14":1,"15":1,"16":1,"17":1,"18":1,"19":1,"20":1,"21":9,"22":1,"23":0,"24":0,"25":0,"26":0,"27":0,"28":0,"29":0,"30":0,"31":0,"32":0,"33":0,"34":0,"35":0,"36":0,"37":0,"38":0,"39":0,"40":0,"41":0,"42":0,"43":0,"44":0,"45":0,"46":0,"47":0,"48":0,"49":0,"50":0,"51":0,"52":0,"53":0,"54":0,"55":0,"56":0,"57":0,"58":0,"59":0,"60":0,"61":0,"62":0,"63":0,"64":0,"65":0,"66":0,"67":0,"68":0,"69":0,"70":0,"71":0,"72":0,"73":0},"b":{"1":[0,9],"2":[9,9],"3":[0,0],"4":[0,0],"5":[0,0],"6":[0,0],"7":[0,0],"8":[0,0],"9":[0,0],"10":[0,0,0,0,0],"11":[0,0],"12":[0,0]},"f":{"1":9,"2":0,"3":0,"4":0,"5":0,"6":0,"7":0,"8":0,"9":0,"10":0,"11":0,"12":0,"13":0,"14":0,"15":0,"16":0,"17":0},"fnMap":{"1":{"name":"_interopRequireDefault","line":41,"loc":{"start":{"line":41,"column":0},"end":{"line":41,"column":37}}},"2":{"name":"initializing","line":44,"loc":{"start":{"line":44,"column":16},"end":{"line":44,"column":40}}},"3":{"name":"prompting","line":57,"loc":{"start":{"line":57,"column":13},"end":{"line":57,"column":34}}},"4":{"name":"validate","line":67,"loc":{"start":{"line":67,"column":16},"end":{"line":67,"column":41}}},"5":{"name":"_default","line":108,"loc":{"start":{"line":108,"column":15},"end":{"line":108,"column":42}}},"6":{"name":"_default","line":122,"loc":{"start":{"line":122,"column":15},"end":{"line":122,"column":42}}},"7":{"name":"choices","line":141,"loc":{"start":{"line":141,"column":15},"end":{"line":141,"column":41}}},"8":{"name":"choices","line":153,"loc":{"start":{"line":153,"column":15},"end":{"line":153,"column":41}}},"9":{"name":"(anonymous_9)","line":156,"loc":{"start":{"line":156,"column":13},"end":{"line":156,"column":30}}},"10":{"name":"configuring","line":164,"loc":{"start":{"line":164,"column":15},"end":{"line":164,"column":38}}},"11":{"name":"(anonymous_11)","line":171,"loc":{"start":{"line":171,"column":160},"end":{"line":171,"column":178}}},"12":{"name":"(anonymous_12)","line":198,"loc":{"start":{"line":198,"column":247},"end":{"line":198,"column":263}}},"13":{"name":"(anonymous_13)","line":208,"loc":{"start":{"line":208,"column":44},"end":{"line":208,"column":60}}},"14":{"name":"writing","line":213,"loc":{"start":{"line":213,"column":11},"end":{"line":213,"column":30}}},"15":{"name":"writing$","line":214,"loc":{"start":{"line":214,"column":36},"end":{"line":214,"column":64}}},"16":{"name":"install","line":240,"loc":{"start":{"line":240,"column":11},"end":{"line":240,"column":30}}},"17":{"name":"end","line":249,"loc":{"start":{"line":249,"column":7},"end":{"line":249,"column":22}}}},"statementMap":{"1":{"start":{"line":3,"column":0},"end":{"line":3,"column":26}},"2":{"start":{"line":5,"column":0},"end":{"line":5,"column":32}},"3":{"start":{"line":7,"column":0},"end":{"line":7,"column":47}},"4":{"start":{"line":9,"column":0},"end":{"line":9,"column":30}},"5":{"start":{"line":11,"column":0},"end":{"line":11,"column":45}},"6":{"start":{"line":13,"column":0},"end":{"line":13,"column":37}},"7":{"start":{"line":15,"column":0},"end":{"line":15,"column":49}},"8":{"start":{"line":17,"column":0},"end":{"line":17,"column":32}},"9":{"start":{"line":19,"column":0},"end":{"line":19,"column":47}},"10":{"start":{"line":21,"column":0},"end":{"line":21,"column":28}},"11":{"start":{"line":23,"column":0},"end":{"line":23,"column":43}},"12":{"start":{"line":25,"column":0},"end":{"line":25,"column":28}},"13":{"start":{"line":27,"column":0},"end":{"line":27,"column":43}},"14":{"start":{"line":29,"column":0},"end":{"line":29,"column":45}},"15":{"start":{"line":31,"column":0},"end":{"line":31,"column":49}},"16":{"start":{"line":33,"column":0},"end":{"line":33,"column":33}},"17":{"start":{"line":35,"column":0},"end":{"line":35,"column":45}},"18":{"start":{"line":37,"column":0},"end":{"line":37,"column":30}},"19":{"start":{"line":39,"column":0},"end":{"line":39,"column":45}},"20":{"start":{"line":41,"column":0},"end":{"line":41,"column":95}},"21":{"start":{"line":41,"column":39},"end":{"line":41,"column":93}},"22":{"start":{"line":43,"column":0},"end":{"line":267,"column":3}},"23":{"start":{"line":45,"column":4},"end":{"line":45,"column":49}},"24":{"start":{"line":46,"column":4},"end":{"line":46,"column":42}},"25":{"start":{"line":47,"column":4},"end":{"line":47,"column":51}},"26":{"start":{"line":48,"column":4},"end":{"line":48,"column":62}},"27":{"start":{"line":49,"column":4},"end":{"line":49,"column":67}},"28":{"start":{"line":51,"column":4},"end":{"line":51,"column":68}},"29":{"start":{"line":52,"column":4},"end":{"line":52,"column":68}},"30":{"start":{"line":53,"column":4},"end":{"line":53,"column":79}},"31":{"start":{"line":54,"column":4},"end":{"line":54,"column":90}},"32":{"start":{"line":55,"column":4},"end":{"line":55,"column":147}},"33":{"start":{"line":58,"column":4},"end":{"line":58,"column":21}},"34":{"start":{"line":60,"column":4},"end":{"line":60,"column":57}},"35":{"start":{"line":64,"column":4},"end":{"line":162,"column":7}},"36":{"start":{"line":68,"column":8},"end":{"line":68,"column":23}},"37":{"start":{"line":109,"column":8},"end":{"line":109,"column":33}},"38":{"start":{"line":123,"column":8},"end":{"line":123,"column":37}},"39":{"start":{"line":142,"column":8},"end":{"line":142,"column":66}},"40":{"start":{"line":154,"column":8},"end":{"line":154,"column":69}},"41":{"start":{"line":158,"column":6},"end":{"line":158,"column":42}},"42":{"start":{"line":161,"column":6},"end":{"line":161,"column":43}},"43":{"start":{"line":165,"column":4},"end":{"line":165,"column":22}},"44":{"start":{"line":168,"column":4},"end":{"line":168,"column":39}},"45":{"start":{"line":171,"column":4},"end":{"line":173,"column":7}},"46":{"start":{"line":172,"column":6},"end":{"line":172,"column":55}},"47":{"start":{"line":175,"column":4},"end":{"line":195,"column":6}},"48":{"start":{"line":198,"column":4},"end":{"line":200,"column":7}},"49":{"start":{"line":199,"column":6},"end":{"line":199,"column":41}},"50":{"start":{"line":203,"column":4},"end":{"line":203,"column":55}},"51":{"start":{"line":204,"column":4},"end":{"line":204,"column":51}},"52":{"start":{"line":205,"column":4},"end":{"line":205,"column":51}},"53":{"start":{"line":207,"column":4},"end":{"line":211,"column":5}},"54":{"start":{"line":208,"column":6},"end":{"line":210,"column":9}},"55":{"start":{"line":209,"column":8},"end":{"line":209,"column":43}},"56":{"start":{"line":214,"column":4},"end":{"line":238,"column":19}},"57":{"start":{"line":215,"column":6},"end":{"line":237,"column":7}},"58":{"start":{"line":216,"column":8},"end":{"line":236,"column":9}},"59":{"start":{"line":219,"column":12},"end":{"line":219,"column":124}},"60":{"start":{"line":220,"column":12},"end":{"line":220,"column":131}},"61":{"start":{"line":221,"column":12},"end":{"line":221,"column":115}},"62":{"start":{"line":223,"column":12},"end":{"line":223,"column":30}},"63":{"start":{"line":224,"column":12},"end":{"line":224,"column":126}},"64":{"start":{"line":227,"column":12},"end":{"line":227,"column":30}},"65":{"start":{"line":228,"column":12},"end":{"line":228,"column":127}},"66":{"start":{"line":231,"column":12},"end":{"line":231,"column":64}},"67":{"start":{"line":235,"column":12},"end":{"line":235,"column":35}},"68":{"start":{"line":241,"column":4},"end":{"line":247,"column":5}},"69":{"start":{"line":242,"column":6},"end":{"line":242,"column":33}},"70":{"start":{"line":243,"column":6},"end":{"line":246,"column":7}},"71":{"start":{"line":244,"column":8},"end":{"line":244,"column":183}},"72":{"start":{"line":245,"column":8},"end":{"line":245,"column":58}},"73":{"start":{"line":250,"column":4},"end":{"line":265,"column":7}}},"branchMap":{"1":{"line":41,"type":"cond-expr","locations":[{"start":{"line":41,"column":70},"end":{"line":41,"column":73}},{"start":{"line":41,"column":76},"end":{"line":41,"column":92}}]},"2":{"line":41,"type":"binary-expr","locations":[{"start":{"line":41,"column":46},"end":{"line":41,"column":49}},{"start":{"line":41,"column":53},"end":{"line":41,"column":67}}]},"3":{"line":45,"type":"binary-expr","locations":[{"start":{"line":45,"column":16},"end":{"line":45,"column":33}},{"start":{"line":45,"column":37},"end":{"line":45,"column":48}}]},"4":{"line":46,"type":"binary-expr","locations":[{"start":{"line":46,"column":16},"end":{"line":46,"column":33}},{"start":{"line":46,"column":37},"end":{"line":46,"column":41}}]},"5":{"line":47,"type":"binary-expr","locations":[{"start":{"line":47,"column":18},"end":{"line":47,"column":41}},{"start":{"line":47,"column":45},"end":{"line":47,"column":50}}]},"6":{"line":48,"type":"binary-expr","locations":[{"start":{"line":48,"column":23},"end":{"line":48,"column":52}},{"start":{"line":48,"column":56},"end":{"line":48,"column":61}}]},"7":{"line":49,"type":"binary-expr","locations":[{"start":{"line":49,"column":26},"end":{"line":49,"column":57}},{"start":{"line":49,"column":61},"end":{"line":49,"column":66}}]},"8":{"line":55,"type":"cond-expr","locations":[{"start":{"line":55,"column":88},"end":{"line":55,"column":115}},{"start":{"line":55,"column":118},"end":{"line":55,"column":120}}]},"9":{"line":207,"type":"if","locations":[{"start":{"line":207,"column":4},"end":{"line":207,"column":4}},{"start":{"line":207,"column":4},"end":{"line":207,"column":4}}]},"10":{"line":216,"type":"switch","locations":[{"start":{"line":217,"column":10},"end":{"line":224,"column":126}},{"start":{"line":226,"column":10},"end":{"line":228,"column":127}},{"start":{"line":230,"column":10},"end":{"line":231,"column":64}},{"start":{"line":233,"column":10},"end":{"line":233,"column":17}},{"start":{"line":234,"column":10},"end":{"line":235,"column":35}}]},"11":{"line":241,"type":"if","locations":[{"start":{"line":241,"column":4},"end":{"line":241,"column":4}},{"start":{"line":241,"column":4},"end":{"line":241,"column":4}}]},"12":{"line":243,"type":"if","locations":[{"start":{"line":243,"column":6},"end":{"line":243,"column":6}},{"start":{"line":243,"column":6},"end":{"line":243,"column":6}}]}},"code":["'use strict';","","require('babel-polyfill');","","var _lodash = require('lodash');","","var _lodash2 = _interopRequireDefault(_lodash);","","var _chalk = require('chalk');","","var _chalk2 = _interopRequireDefault(_chalk);","","var _genBase = require('../genBase');","","var _genBase2 = _interopRequireDefault(_genBase);","","var _mkdirp = require('mkdirp');","","var _mkdirp2 = _interopRequireDefault(_mkdirp);","","var _path = require('path');","","var _path2 = _interopRequireDefault(_path);","","var _pify = require('pify');","","var _pify2 = _interopRequireDefault(_pify);","","var _package = require('../../package.json');","","var _package2 = _interopRequireDefault(_package);","","var _utils = require('../utils');","","var _utils2 = _interopRequireDefault(_utils);","","var _yosay = require('yosay');","","var _yosay2 = _interopRequireDefault(_yosay);","","function _interopRequireDefault(obj) { return obj && obj.__esModule ? obj : { default: obj }; }","","module.exports = _genBase2.default.extend({","  initializing: function initializing() {","    this.host = this.options.host || 'localhost';","    this.port = this.options.port || 3000;","    this.appDir = this.options['app-dir'] || 'app';","    this.unitTestDir = this.options['unit-test-dir'] || 'app';","    this.skipController = this.options['skip-controller'] || false;","","    console.log(_chalk2.default.yellow('Using host: ' + this.host));","    console.log(_chalk2.default.yellow('Using port: ' + this.port));","    console.log(_chalk2.default.yellow('Using app directory: ' + this.appDir));","    console.log(_chalk2.default.yellow('Using unit test directory: ' + this.unitTestDir));","    console.log(_chalk2.default.yellow('Route generator will ' + (this.skipController ? _chalk2.default.red('NOT ') : '') + 'create controllers'));","  },","  prompting: function prompting() {","    var _this = this;","","    this.log((0, _yosay2.default)('Welcome to ngPoly!'));","","    // ask for app name","    // get preferred langugaes","    return this.prompt([{","      name: 'appName',","      message: 'What is the app\\'s name?',","      validate: function validate(input) {","        return !!input;","      }","    }, {","      type: 'list',","      name: 'ngversion',","      message: 'Which version of Angular should be used?',","      default: '1.4.*',","      choices: _utils2.default.getAngularVersions()","    }, {","      type: 'list',","      name: 'structure',","      message: 'Which structure should be used?',","      default: 'module-only',","      choices: _utils2.default.getModuleStructures()","    }, {","      type: 'list',","      name: 'markup',","      message: 'Which is the preferred markup language?',","      default: 'jade',","      choices: _utils2.default.getMarkupLanguages()","    }, {","      type: 'list',","      name: 'appScript',","      message: 'Which is the preferred application scripting language?',","      default: 'js',","      choices: _utils2.default.getScriptLanguages()","    }, {","      type: 'confirm',","      name: 'controllerAs',","      message: 'Want to use Controller As syntax?',","      default: true","    }, {","      type: 'confirm',","      name: 'directiveTemplateUrl',","      message: 'Should directives be generated using a templateUrl (and markup file) instead of an inline template?',","      default: true","    }, {","      type: 'list',","      name: 'testScript',","      message: 'Which is the preferred test scripting language?',","      default: function _default(answers) {","        return answers.appScript;","      },","      choices: _utils2.default.getScriptLanguages()","    }, {","      type: 'list',","      name: 'testFramework',","      message: 'Which is the preferred unit testing framework?',","      default: 'jasmine',","      choices: _utils2.default.getTestFrameworks()","    }, {","      type: 'list',","      name: 'e2eTestFramework',","      message: 'Which is the preferred e2e testing framework?',","      default: function _default(answers) {","        return answers.testFramework;","      },","      choices: _utils2.default.getTestFrameworks()","    }, {","      type: 'list',","      name: 'style',","      message: 'Which is the preferred style language?',","      default: 'less',","      choices: _utils2.default.getStyleLanguages()","    }, {","      type: 'confirm',","      name: 'polymer',","      message: 'Should Polymer support be enabled?',","      default: false","    }, {","      type: 'list',","      name: 'framework',","      message: 'Should a framework be setup?',","      choices: function choices(answers) {","        return _utils2.default.getUIFrameworks(answers.ngversion);","      }","    }, {","      type: 'confirm',","      name: 'ngRoute',","      message: 'Should ngRoute be used instead of UI Router?',","      default: false","    }, {","      type: 'checkbox',","      name: 'bower',","      message: 'Which additional Bower components should be installed?',","      choices: function choices(answers) {","        return _utils2.default.getBowerComponents(answers.ngversion);","      }","    }]).then(function (props) {","      // needs to be a string","      props.bower = props.bower.join(',');","","      // attach answers to `this`","      _lodash2.default.merge(_this, props);","    });","  },","  configuring: function configuring() {","    var _this2 = this;","","    // create a directory named `appName`","    this.destinationRoot(this.appName);","","    // save config","    ['appScript', 'controllerAs', 'directiveTemplateUrl', 'e2eTestFramework', 'markup', 'ngRoute', 'structure', 'style', 'testFramework', 'testScript'].forEach(function (option) {","      return _this2.config.set(option, _this2[option]);","    });","","    this.context = {","      pkg: _package2.default,","      appName: this.appName,","      structure: this.structure,","      ngversion: this.ngversion,","      appDir: this.appDir,","      appScript: this.appScript,","      testScript: this.testScript,","      markup: this.markup,","      style: this.style,","      unitTestDir: this.unitTestDir,","      host: this.host,","      port: this.port,","      moduleName: _utils2.default.lowerCamel(this.appName),","      polymer: this.polymer,","      framework: this.framework,","      testFramework: this.testFramework,","      e2eTestFramework: this.e2eTestFramework,","      ngRoute: this.ngRoute,","      bower: this.bower","    };","","    // copy over common project files","    ['.bowerrc', '.editorconfig', '.eslintrc', '.jscsrc', '.jshintrc', '_bower.json', '_build.config.js', '_karma.config.js', '_package.json', '_protractor.config.js', 'gulp/analyze.js', 'gulp/_build.js', 'gulp/_test.js', 'gulp/watch.js'].forEach(function (file) {","      return _this2.copySimpleFile(file);","    });","","    // files that need to be renamed when copied","    this.copySimpleFile('_gulpfile.js', 'Gulpfile.js');","    this.copySimpleFile('gitignore', '.gitignore');","    this.copySimpleFile('_readme.md', 'README.md');","","    if (this.appScript === 'ts') {","      ['_tsd.json', '_tslint.json'].forEach(function (file) {","        return _this2.copySimpleFile(file);","      });","    }","  },","  writing: function writing() {","    return regeneratorRuntime.async(function writing$(_context) {","      while (1) {","        switch (_context.prev = _context.next) {","          case 0:","            // create main module and index.html","            this.copySimpleFile('_app.' + this.appScript, _path2.default.join(this.appDir, 'app-module.' + this.appScript));","            this.copySimpleFile('_app-routes.' + this.appScript, _path2.default.join(this.appDir, 'app-routes.' + this.appScript));","            this.copySimpleFile('_index.' + this.markup, _path2.default.join(this.appDir, 'index.' + this.markup));","","            _context.next = 5;","            return regeneratorRuntime.awrap((0, _pify2.default)(_mkdirp2.default)(_path2.default.join(this.appDir, 'fonts')));","","          case 5:","            _context.next = 7;","            return regeneratorRuntime.awrap((0, _pify2.default)(_mkdirp2.default)(_path2.default.join(this.appDir, 'images')));","","          case 7:","            return _context.abrupt('return', Promise.resolve());","","          case 8:","          case 'end':","            return _context.stop();","        }","      }","    }, null, this);","  },","  install: function install() {","    if (!this.options['skip-install']) {","      this.installDependencies();","      if (this.appScript === 'ts') {","        this.log('Running ' + _chalk2.default.yellow.bold('tsd reinstall --save') + '. If this fails run the commands ' + 'yourself. TSD must be installed via `npm install -g tsd`.');","        this.spawnCommand('tsd', ['reinstall', '--save']);","      }","    }","  },","  end: function end() {","    this.composeWith('ng-poly:module', {","      args: ['home'],","      options: {","        module: 'home',","        markup: this.markup,","        style: this.style,","        'test-dir': this.testDir,","        'test-script': this.testScript,","        'controller-as': this.controllerAs,","        'skip-controller': this.skipController,","        'ng-route': this.ngRoute","      }","    }, {","      local: require.resolve('../module'),","      link: 'strong'","    });","  }","});"],"l":{"3":1,"5":1,"7":1,"9":1,"11":1,"13":1,"15":1,"17":1,"19":1,"21":1,"23":1,"25":1,"27":1,"29":1,"31":1,"33":1,"35":1,"37":1,"39":1,"41":9,"43":1,"45":0,"46":0,"47":0,"48":0,"49":0,"51":0,"52":0,"53":0,"54":0,"55":0,"58":0,"60":0,"64":0,"68":0,"109":0,"123":0,"142":0,"154":0,"158":0,"161":0,"165":0,"168":0,"171":0,"172":0,"175":0,"198":0,"199":0,"203":0,"204":0,"205":0,"207":0,"208":0,"209":0,"214":0,"215":0,"216":0,"219":0,"220":0,"221":0,"223":0,"224":0,"227":0,"228":0,"231":0,"235":0,"241":0,"242":0,"243":0,"244":0,"245":0,"250":0}},"/home/travis/build/npmtest/node-npmtest-generator-ng-poly/node_modules/generator-ng-poly/generators/genBase/index.js":{"path":"/home/travis/build/npmtest/node-npmtest-generator-ng-poly/node_modules/generator-ng-poly/generators/genBase/index.js","s":{"1":1,"2":0,"3":0,"4":1,"5":1,"6":1,"7":1,"8":1,"9":1,"10":1,"11":1,"12":1,"13":1,"14":1,"15":1,"16":1,"17":1,"18":1,"19":1,"20":7,"21":1,"22":0,"23":0,"24":0,"25":0,"26":0,"27":0,"28":0,"29":0,"30":0,"31":0,"32":0,"33":0,"34":0,"35":0,"36":0,"37":0,"38":0,"39":0,"40":0,"41":0,"42":0,"43":0,"44":0,"45":0,"46":0,"47":0,"48":0,"49":0,"50":0,"51":0,"52":0,"53":0,"54":0,"55":0,"56":0,"57":0,"58":0,"59":0,"60":0,"61":0,"62":0,"63":0,"64":0,"65":0,"66":0,"67":0,"68":0,"69":0,"70":0,"71":0,"72":0,"73":0,"74":0,"75":0,"76":0,"77":0,"78":0,"79":0,"80":0,"81":0,"82":0,"83":0,"84":0,"85":0,"86":0,"87":0,"88":0,"89":0,"90":0,"91":0,"92":0,"93":0,"94":0,"95":0,"96":0,"97":0,"98":0,"99":0,"100":0,"101":0,"102":0,"103":0,"104":0,"105":0,"106":0,"107":0,"108":0,"109":0,"110":0,"111":0,"112":0,"113":0,"114":0,"115":0,"116":0,"117":0,"118":0,"119":0,"120":0,"121":0,"122":0,"123":0,"124":0,"125":0,"126":0,"127":0,"128":0,"129":0,"130":0,"131":0,"132":0,"133":0,"134":0,"135":0,"136":0,"137":0,"138":0,"139":0,"140":0,"141":0,"142":0,"143":0,"144":0,"145":0,"146":0,"147":0,"148":0,"149":0,"150":0,"151":0,"152":0,"153":0,"154":0,"155":0,"156":0,"157":0,"158":0,"159":0,"160":0,"161":0,"162":0,"163":0,"164":0,"165":0,"166":0,"167":0,"168":0,"169":0,"170":0,"171":0},"b":{"1":[1,0],"2":[1,1],"3":[0,0],"4":[0,0,0],"5":[0,7],"6":[7,7],"7":[0,0],"8":[0,0,0,0,0,0],"9":[0,0],"10":[0,0,0,0],"11":[0,0],"12":[0,0,0,0],"13":[0,0],"14":[0,0],"15":[0,0],"16":[0,0,0],"17":[0,0],"18":[0,0],"19":[0,0,0],"20":[0,0],"21":[0,0],"22":[0,0],"23":[0,0],"24":[0,0,0],"25":[0,0],"26":[0,0],"27":[0,0,0,0,0,0,0,0,0],"28":[0,0],"29":[0,0],"30":[0,0],"31":[0,0],"32":[0,0],"33":[0,0],"34":[0,0],"35":[0,0],"36":[0,0],"37":[0,0],"38":[0,0],"39":[0,0],"40":[0,0],"41":[0,0,0,0,0],"42":[0,0],"43":[0,0],"44":[0,0],"45":[0,0],"46":[0,0],"47":[0,0],"48":[0,0],"49":[0,0],"50":[0,0],"51":[0,0],"52":[0,0],"53":[0,0],"54":[0,0],"55":[0,0],"56":[0,0],"57":[0,0],"58":[0,0],"59":[0,0]},"f":{"1":0,"2":0,"3":7,"4":0,"5":0,"6":0,"7":0,"8":0,"9":0,"10":0,"11":0,"12":0,"13":0,"14":0,"15":0,"16":0,"17":0,"18":0,"19":0,"20":0,"21":0,"22":0,"23":0,"24":0},"fnMap":{"1":{"name":"(anonymous_1)","line":3,"loc":{"start":{"line":3,"column":84},"end":{"line":3,"column":99}}},"2":{"name":"(anonymous_2)","line":3,"loc":{"start":{"line":3,"column":124},"end":{"line":3,"column":139}}},"3":{"name":"_interopRequireDefault","line":35,"loc":{"start":{"line":35,"column":0},"end":{"line":35,"column":37}}},"4":{"name":"constructor","line":38,"loc":{"start":{"line":38,"column":15},"end":{"line":38,"column":38}}},"5":{"name":"askForModuleName","line":48,"loc":{"start":{"line":48,"column":20},"end":{"line":48,"column":54}}},"6":{"name":"when","line":69,"loc":{"start":{"line":69,"column":12},"end":{"line":69,"column":28}}},"7":{"name":"choices","line":72,"loc":{"start":{"line":72,"column":15},"end":{"line":72,"column":34}}},"8":{"name":"choices$","line":74,"loc":{"start":{"line":74,"column":40},"end":{"line":74,"column":68}}},"9":{"name":"_default","line":105,"loc":{"start":{"line":105,"column":15},"end":{"line":105,"column":35}}},"10":{"name":"when","line":113,"loc":{"start":{"line":113,"column":12},"end":{"line":113,"column":28}}},"11":{"name":"_default","line":119,"loc":{"start":{"line":119,"column":15},"end":{"line":119,"column":42}}},"12":{"name":"_default$","line":121,"loc":{"start":{"line":121,"column":40},"end":{"line":121,"column":70}}},"13":{"name":"when","line":141,"loc":{"start":{"line":141,"column":12},"end":{"line":141,"column":28}}},"14":{"name":"(anonymous_14)","line":144,"loc":{"start":{"line":144,"column":13},"end":{"line":144,"column":30}}},"15":{"name":"getConfig","line":170,"loc":{"start":{"line":170,"column":13},"end":{"line":170,"column":34}}},"16":{"name":"getConfig$","line":172,"loc":{"start":{"line":172,"column":36},"end":{"line":172,"column":67}}},"17":{"name":"copyFile","line":277,"loc":{"start":{"line":277,"column":12},"end":{"line":277,"column":62}}},"18":{"name":"copyFile$","line":279,"loc":{"start":{"line":279,"column":36},"end":{"line":279,"column":66}}},"19":{"name":"copySimpleFile","line":354,"loc":{"start":{"line":354,"column":18},"end":{"line":354,"column":62}}},"20":{"name":"copyMarkupFile","line":361,"loc":{"start":{"line":361,"column":18},"end":{"line":361,"column":68}}},"21":{"name":"copySrcFile","line":364,"loc":{"start":{"line":364,"column":15},"end":{"line":364,"column":62}}},"22":{"name":"copyStyleFile","line":367,"loc":{"start":{"line":367,"column":17},"end":{"line":367,"column":66}}},"23":{"name":"copyUnitTest","line":370,"loc":{"start":{"line":370,"column":16},"end":{"line":370,"column":64}}},"24":{"name":"copyE2e","line":373,"loc":{"start":{"line":373,"column":11},"end":{"line":373,"column":37}}}},"statementMap":{"1":{"start":{"line":3,"column":0},"end":{"line":3,"column":241}},"2":{"start":{"line":3,"column":101},"end":{"line":3,"column":119}},"3":{"start":{"line":3,"column":141},"end":{"line":3,"column":238}},"4":{"start":{"line":5,"column":0},"end":{"line":5,"column":26}},"5":{"start":{"line":7,"column":0},"end":{"line":7,"column":28}},"6":{"start":{"line":9,"column":0},"end":{"line":9,"column":43}},"7":{"start":{"line":11,"column":0},"end":{"line":11,"column":28}},"8":{"start":{"line":13,"column":0},"end":{"line":13,"column":43}},"9":{"start":{"line":15,"column":0},"end":{"line":15,"column":45}},"10":{"start":{"line":17,"column":0},"end":{"line":17,"column":49}},"11":{"start":{"line":19,"column":0},"end":{"line":19,"column":53}},"12":{"start":{"line":21,"column":0},"end":{"line":21,"column":67}},"13":{"start":{"line":23,"column":0},"end":{"line":23,"column":49}},"14":{"start":{"line":25,"column":0},"end":{"line":25,"column":63}},"15":{"start":{"line":27,"column":0},"end":{"line":27,"column":33}},"16":{"start":{"line":29,"column":0},"end":{"line":29,"column":45}},"17":{"start":{"line":31,"column":0},"end":{"line":31,"column":51}},"18":{"start":{"line":33,"column":0},"end":{"line":33,"column":65}},"19":{"start":{"line":35,"column":0},"end":{"line":35,"column":95}},"20":{"start":{"line":35,"column":39},"end":{"line":35,"column":93}},"21":{"start":{"line":37,"column":0},"end":{"line":380,"column":3}},"22":{"start":{"line":39,"column":4},"end":{"line":41,"column":5}},"23":{"start":{"line":40,"column":6},"end":{"line":40,"column":35}},"24":{"start":{"line":44,"column":4},"end":{"line":44,"column":53}},"25":{"start":{"line":46,"column":4},"end":{"line":46,"column":29}},"26":{"start":{"line":49,"column":4},"end":{"line":49,"column":21}},"27":{"start":{"line":51,"column":4},"end":{"line":53,"column":31}},"28":{"start":{"line":55,"column":4},"end":{"line":58,"column":7}},"29":{"start":{"line":61,"column":4},"end":{"line":61,"column":22}},"30":{"start":{"line":63,"column":4},"end":{"line":168,"column":7}},"31":{"start":{"line":70,"column":8},"end":{"line":70,"column":44}},"32":{"start":{"line":73,"column":8},"end":{"line":73,"column":38}},"33":{"start":{"line":74,"column":8},"end":{"line":100,"column":23}},"34":{"start":{"line":75,"column":10},"end":{"line":99,"column":11}},"35":{"start":{"line":76,"column":12},"end":{"line":98,"column":13}},"36":{"start":{"line":78,"column":16},"end":{"line":78,"column":34}},"37":{"start":{"line":79,"column":16},"end":{"line":79,"column":77}},"38":{"start":{"line":82,"column":16},"end":{"line":82,"column":42}},"39":{"start":{"line":83,"column":16},"end":{"line":83,"column":34}},"40":{"start":{"line":84,"column":16},"end":{"line":84,"column":108}},"41":{"start":{"line":87,"column":16},"end":{"line":87,"column":38}},"42":{"start":{"line":88,"column":16},"end":{"line":88,"column":34}},"43":{"start":{"line":89,"column":16},"end":{"line":89,"column":85}},"44":{"start":{"line":92,"column":16},"end":{"line":92,"column":40}},"45":{"start":{"line":93,"column":16},"end":{"line":93,"column":58}},"46":{"start":{"line":97,"column":16},"end":{"line":97,"column":39}},"47":{"start":{"line":107,"column":8},"end":{"line":109,"column":9}},"48":{"start":{"line":108,"column":10},"end":{"line":108,"column":70}},"49":{"start":{"line":111,"column":8},"end":{"line":111,"column":54}},"50":{"start":{"line":114,"column":8},"end":{"line":114,"column":91}},"51":{"start":{"line":120,"column":8},"end":{"line":120,"column":40}},"52":{"start":{"line":121,"column":8},"end":{"line":138,"column":23}},"53":{"start":{"line":122,"column":10},"end":{"line":137,"column":11}},"54":{"start":{"line":123,"column":12},"end":{"line":136,"column":13}},"55":{"start":{"line":125,"column":16},"end":{"line":125,"column":58}},"56":{"start":{"line":126,"column":16},"end":{"line":126,"column":35}},"57":{"start":{"line":127,"column":16},"end":{"line":127,"column":93}},"58":{"start":{"line":130,"column":16},"end":{"line":130,"column":53}},"59":{"start":{"line":131,"column":16},"end":{"line":131,"column":245}},"60":{"start":{"line":135,"column":16},"end":{"line":135,"column":40}},"61":{"start":{"line":142,"column":8},"end":{"line":142,"column":85}},"62":{"start":{"line":145,"column":6},"end":{"line":145,"column":52}},"63":{"start":{"line":146,"column":6},"end":{"line":146,"column":51}},"64":{"start":{"line":147,"column":6},"end":{"line":147,"column":71}},"65":{"start":{"line":150,"column":6},"end":{"line":152,"column":7}},"66":{"start":{"line":151,"column":8},"end":{"line":151,"column":70}},"67":{"start":{"line":155,"column":6},"end":{"line":157,"column":7}},"68":{"start":{"line":156,"column":8},"end":{"line":156,"column":36}},"69":{"start":{"line":160,"column":6},"end":{"line":162,"column":7}},"70":{"start":{"line":161,"column":8},"end":{"line":161,"column":65}},"71":{"start":{"line":165,"column":6},"end":{"line":167,"column":7}},"72":{"start":{"line":166,"column":8},"end":{"line":166,"column":60}},"73":{"start":{"line":171,"column":4},"end":{"line":171,"column":24}},"74":{"start":{"line":172,"column":4},"end":{"line":275,"column":19}},"75":{"start":{"line":173,"column":6},"end":{"line":274,"column":7}},"76":{"start":{"line":174,"column":8},"end":{"line":273,"column":9}},"77":{"start":{"line":176,"column":12},"end":{"line":176,"column":37}},"78":{"start":{"line":177,"column":12},"end":{"line":177,"column":76}},"79":{"start":{"line":178,"column":12},"end":{"line":178,"column":86}},"80":{"start":{"line":179,"column":12},"end":{"line":179,"column":82}},"81":{"star
[...]
":{"line":143,"column":7}},"53":{"start":{"line":142,"column":8},"end":{"line":142,"column":37}},"54":{"start":{"line":146,"column":6},"end":{"line":148,"column":7}},"55":{"start":{"line":147,"column":8},"end":{"line":147,"column":21}},"56":{"start":{"line":151,"column":6},"end":{"line":153,"column":7}},"57":{"start":{"line":152,"column":8},"end":{"line":152,"column":21}},"58":{"start":{"line":157,"column":6},"end":{"line":159,"column":7}},"59":{"start":{"line":158,"column":8},"end":{"line":158,"column":35}},"60":{"start":{"line":161,"column":6},"end":{"line":163,"column":7}},"61":{"start":{"line":162,"column":8},"end":{"line":162,"column":41}},"62":{"start":{"line":166,"column":6},"end":{"line":168,"column":7}},"63":{"start":{"line":167,"column":8},"end":{"line":167,"column":37}},"64":{"start":{"line":172,"column":2},"end":{"line":172,"column":64}},"65":{"start":{"line":174,"column":2},"end":{"line":174,"column":18}},"66":{"start":{"line":184,"column":0},"end":{"line":198,"column":2}},"67":{"start":{"line":185,"column":2},"end":{"line":185,"column":28}},"68":{"start":{"line":187,"column":2},"end":{"line":191,"column":4}},"69":{"start":{"line":193,"column":2},"end":{"line":193,"column":112}},"70":{"start":{"line":195,"column":2},"end":{"line":195,"column":66}},"71":{"start":{"line":197,"column":2},"end":{"line":197,"column":115}},"72":{"start":{"line":208,"column":0},"end":{"line":250,"column":2}},"73":{"start":{"line":209,"column":2},"end":{"line":211,"column":34}},"74":{"start":{"line":214,"column":2},"end":{"line":214,"column":113}},"75":{"start":{"line":216,"column":2},"end":{"line":216,"column":53}},"76":{"start":{"line":220,"column":2},"end":{"line":224,"column":3}},"77":{"start":{"line":221,"column":4},"end":{"line":221,"column":21}},"78":{"start":{"line":223,"column":4},"end":{"line":223,"column":21}},"79":{"start":{"line":227,"column":2},"end":{"line":229,"column":5}},"80":{"start":{"line":228,"column":4},"end":{"line":228,"column":68}},"81":{"start":{"line":231,"column":2},"end":{"line":245,"column":3}},"82":{"start":{"line":232,"column":4},"end":{"line":232,"column":105}},"83":{"start":{"line":233,"column":9},"end":{"line":245,"column":3}},"84":{"start":{"line":236,"column":4},"end":{"line":236,"column":75}},"85":{"start":{"line":237,"column":4},"end":{"line":237,"column":37}},"86":{"start":{"line":238,"column":4},"end":{"line":238,"column":42}},"87":{"start":{"line":239,"column":4},"end":{"line":242,"column":5}},"88":{"start":{"line":240,"column":6},"end":{"line":240,"column":19}},"89":{"start":{"line":241,"column":6},"end":{"line":241,"column":70}},"90":{"start":{"line":244,"column":4},"end":{"line":244,"column":50}},"91":{"start":{"line":247,"column":2},"end":{"line":247,"column":51}},"92":{"start":{"line":249,"column":2},"end":{"line":249,"column":29}},"93":{"start":{"line":252,"column":0},"end":{"line":278,"column":2}},"94":{"start":{"line":263,"column":4},"end":{"line":263,"column":53}},"95":{"start":{"line":265,"column":4},"end":{"line":265,"column":59}},"96":{"start":{"line":267,"column":4},"end":{"line":267,"column":47}},"97":{"start":{"line":270,"column":4},"end":{"line":272,"column":5}},"98":{"start":{"line":271,"column":6},"end":{"line":271,"column":38}},"99":{"start":{"line":274,"column":4},"end":{"line":274,"column":57}},"100":{"start":{"line":276,"column":4},"end":{"line":276,"column":55}}},"branchMap":{"1":{"line":29,"type":"cond-expr","locations":[{"start":{"line":29,"column":70},"end":{"line":29,"column":73}},{"start":{"line":29,"column":76},"end":{"line":29,"column":92}}]},"2":{"line":29,"type":"binary-expr","locations":[{"start":{"line":29,"column":46},"end":{"line":29,"column":49}},{"start":{"line":29,"column":53},"end":{"line":29,"column":67}}]},"3":{"line":38,"type":"cond-expr","locations":[{"start":{"line":38,"column":31},"end":{"line":38,"column":47}},{"start":{"line":38,"column":50},"end":{"line":38,"column":66}}]},"4":{"line":40,"type":"cond-expr","locations":[{"start":{"line":40,"column":41},"end":{"line":40,"column":59}},{"start":{"line":40,"column":62},"end":{"line":40,"column":66}}]},"5":{"line":42,"type":"if","locations":[{"start":{"line":42,"column":2},"end":{"line":42,"column":2}},{"start":{"line":42,"column":2},"end":{"line":42,"column":2}}]},"6":{"line":56,"type":"if","locations":[{"start":{"line":56,"column":2},"end":{"line":56,"column":2}},{"start":{"line":56,"column":2},"end":{"line":56,"column":2}}]},"7":{"line":57,"type":"binary-expr","locations":[{"start":{"line":57,"column":11},"end":{"line":57,"column":38}},{"start":{"line":57,"column":42},"end":{"line":57,"column":65}}]},"8":{"line":76,"type":"if","locations":[{"start":{"line":76,"column":2},"end":{"line":76,"column":2}},{"start":{"line":76,"column":2},"end":{"line":76,"column":2}}]},"9":{"line":78,"type":"if","locations":[{"start":{"line":78,"column":9},"end":{"line":78,"column":9}},{"start":{"line":78,"column":9},"end":{"line":78,"column":9}}]},"10":{"line":85,"type":"if","locations":[{"start":{"line":85,"column":2},"end":{"line":85,"column":2}},{"start":{"line":85,"column":2},"end":{"line":85,"column":2}}]},"11":{"line":90,"type":"if","locations":[{"start":{"line":90,"column":2},"end":{"line":90,"column":2}},{"start":{"line":90,"column":2},"end":{"line":90,"column":2}}]},"12":{"line":90,"type":"binary-expr","locations":[{"start":{"line":90,"column":6},"end":{"line":90,"column":23}},{"start":{"line":90,"column":27},"end":{"line":90,"column":55}},{"start":{"line":90,"column":59},"end":{"line":90,"column":87}}]},"13":{"line":105,"type":"cond-expr","locations":[{"start":{"line":105,"column":31},"end":{"line":105,"column":46}},{"start":{"line":105,"column":49},"end":{"line":105,"column":64}}]},"14":{"line":106,"type":"cond-expr","locations":[{"start":{"line":106,"column":30},"end":{"line":106,"column":55}},{"start":{"line":106,"column":58},"end":{"line":106,"column":80}}]},"15":{"line":109,"type":"if","locations":[{"start":{"line":109,"column":4},"end":{"line":109,"column":4}},{"start":{"line":109,"column":4},"end":{"line":109,"column":4}}]},"16":{"line":124,"type":"cond-expr","locations":[{"start":{"line":124,"column":34},"end":{"line":124,"column":40}},{"start":{"line":124,"column":43},"end":{"line":124,"column":50}}]},"17":{"line":135,"type":"if","locations":[{"start":{"line":135,"column":4},"end":{"line":135,"column":4}},{"start":{"line":135,"column":4},"end":{"line":135,"column":4}}]},"18":{"line":135,"type":"binary-expr","locations":[{"start":{"line":135,"column":8},"end":{"line":135,"column":33}},{"start":{"line":135,"column":37},"end":{"line":135,"column":62}},{"start":{"line":135,"column":66},"end":{"line":135,"column":92}}]},"19":{"line":136,"type":"if","locations":[{"start":{"line":136,"column":6},"end":{"line":136,"column":6}},{"start":{"line":136,"column":6},"end":{"line":136,"column":6}}]},"20":{"line":141,"type":"if","locations":[{"start":{"line":141,"column":6},"end":{"line":141,"column":6}},{"start":{"line":141,"column":6},"end":{"line":141,"column":6}}]},"21":{"line":146,"type":"if","locations":[{"start":{"line":146,"column":6},"end":{"line":146,"column":6}},{"start":{"line":146,"column":6},"end":{"line":146,"column":6}}]},"22":{"line":146,"type":"binary-expr","locations":[{"start":{"line":146,"column":10},"end":{"line":146,"column":39}},{"start":{"line":146,"column":43},"end":{"line":146,"column":65}}]},"23":{"line":151,"type":"if","locations":[{"start":{"line":151,"column":6},"end":{"line":151,"column":6}},{"start":{"line":151,"column":6},"end":{"line":151,"column":6}}]},"24":{"line":151,"type":"binary-expr","locations":[{"start":{"line":151,"column":10},"end":{"line":151,"column":39}},{"start":{"line":151,"column":43},"end":{"line":151,"column":65}}]},"25":{"line":157,"type":"if","locations":[{"start":{"line":157,"column":6},"end":{"line":157,"column":6}},{"start":{"line":157,"column":6},"end":{"line":157,"column":6}}]},"26":{"line":157,"type":"binary-expr","locations":[{"start":{"line":157,"column":10},"end":{"line":157,"column":39}},{"start":{"line":157,"column":43},"end":{"line":157,"column":59}}]},"27":{"line":161,"type":"if","locations":[{"start":{"line":161,"column":6},"end":{"line":161,"column":6}},{"start":{"line":161,"column":6},"end":{"line":161,"column":6}}]},"28":{"line":161,"type":"binary-expr","locations":[{"start":{"line":161,"column":10},"end":{"line":161,"column":38}},{"start":{"line":161,"column":42},"end":{"line":161,"column":65}}]},"29":{"line":166,"type":"if","locations":[{"start":{"line":166,"column":6},"end":{"line":166,"column":6}},{"start":{"line":166,"column":6},"end":{"line":166,"column":6}}]},"30":{"line":193,"type":"cond-expr","locations":[{"start":{"line":193,"column":81},"end":{"line":193,"column":90}},{"start":{"line":193,"column":93},"end":{"line":193,"column":103}}]},"31":{"line":195,"type":"cond-expr","locations":[{"start":{"line":195,"column":50},"end":{"line":195,"column":58}},{"start":{"line":195,"column":61},"end":{"line":195,"column":65}}]},"32":{"line":214,"type":"cond-expr","locations":[{"start":{"line":214,"column":56},"end":{"line":214,"column":80}},{"start":{"line":214,"column":83},"end":{"line":214,"column":111}}]},"33":{"line":220,"type":"if","locations":[{"start":{"line":220,"column":2},"end":{"line":220,"column":2}},{"start":{"line":220,"column":2},"end":{"line":220,"column":2}}]},"34":{"line":231,"type":"if","locations":[{"start":{"line":231,"column":2},"end":{"line":231,"column":2}},{"start":{"line":231,"column":2},"end":{"line":231,"column":2}}]},"35":{"line":232,"type":"cond-expr","locations":[{"start":{"line":232,"column":47},"end":{"line":232,"column":69}},{"start":{"line":232,"column":72},"end":{"line":232,"column":104}}]},"36":{"line":233,"type":"if","locations":[{"start":{"line":233,"column":9},"end":{"line":233,"column":9}},{"start":{"line":233,"column":9},"end":{"line":233,"column":9}}]},"37":{"line":270,"type":"if","locations":[{"start":{"line":270,"column":4},"end":{"line":270,"column":4}},{"start":{"line":270,"column":4},"end":{"line":270,"column":4}}]}},"code":["'use strict';","","var _lodash = require('lodash');","","var _lodash2 = _interopRequireDefault(_lodash);","","var _os = require('os');","","var _indentString = require('indent-string');","","var _indentString2 = _interopRequireDefault(_indentString);","","var _fs = require('fs');","","var _fs2 = _interopRequireDefault(_fs);","","var _funcHasParam = require('func-has-param');","","var _funcHasParam2 = _interopRequireDefault(_funcHasParam);","","var _path = require('path');","","var _newlineRegex = require('newline-regex');","","var _newlineRegex2 = _interopRequireDefault(_newlineRegex);","","var _countSpaces = require('count-spaces');","","function _interopRequireDefault(obj) { return obj && obj.__esModule ? obj : { default: obj }; }","","/**"," * Returns whether the module's config function is injecting parameter"," * @param {String} fileContents - file contents of module"," * @param {Object} config - user's config"," * @return {Boolean} - does module have param?"," */","var hasParam = function hasParam(fileContents, config) {","  var param = config.ngRoute ? '$routeProvider' : '$stateProvider';","","  var opts = config.appScript === 'ts' ? { language: 'ts' } : null;","","  if (config.appScript === 'coffee') {","    return new RegExp('\\\\(.*' + param + '.*\\\\) ->').test(fileContents);","  }","","  return (0, _funcHasParam2.default)(fileContents, 'config', param, opts);","};","","/**"," * Line includes config function"," * @param {String} line - line to check for config function existence"," * @param {Boolean} isCoffeeScript - is the line written in CoffeeScript?"," * @return {Boolean} - line has config function"," */","var lineHasConfigFunction = function lineHasConfigFunction(line, isCoffeeScript) {","  if (isCoffeeScript) {","    return line.indexOf('config') > -1 && line.indexOf('->') > -1;","  }","","  return line.indexOf('function config(') > -1;","};","","/**"," * Add param to config function line"," * @param {String} line - line to add parameter to"," * @param {String} param - parameter to add"," * @param {String} lang - which language is line written in? (coffee, es6, js, or ts)"," * @param {String} [type] - when lang === ts then insert type"," * @return {String} - config function line with parameter added"," */","var addParamToConfigFunction = function addParamToConfigFunction(line, param, lang, type) {","  var paramToInsert = '$' + param;","","  // config line ending will be stripped","  // this will add it back","  if (lang === 'ts') {","    paramToInsert += ': ' + type + ') {';","  } else if (lang === 'coffee') {","    paramToInsert += ') ->';","  } else {","    paramToInsert += ') {';","  }","","  // previous state had no parameters - config()","  if (line.lastIndexOf('(') === line.lastIndexOf(')') - 1) {","    return line.slice(0, line.lastIndexOf(')')) + paramToInsert;","  }","","  // CoffeScript && previous state had no existing parameters - config ->","  if (lang === 'coffee' && line.lastIndexOf('(') === -1 && line.lastIndexOf(')') === -1) {","    return line.slice(0, line.lastIndexOf('g')) + 'g (' + paramToInsert;","  }","","  // previous state had existing parameters - config()","  return line.slice(0, line.lastIndexOf(')')) + ', ' + paramToInsert;","};","","/**"," * Injects the parameter into the module's config function"," * @param {Array} lines - lines to modify"," * @param {Object} config - user's config"," * @return {Array} - modified lines"," */","var addParam = function addParam(lines, config) {","  var param = config.ngRoute ? 'routeProvider' : 'stateProvider',","      type = config.ngRoute ? 'ng.route.IRouteProvider' : 'ng.ui.IStateProvider';","","  return lines.map(function (line) {","    if (lineHasConfigFunction(line, config.appScript === 'coffee')) {","      return addParamToConfigFunction(line, param, config.appScript, type);","    }","","    return line;","  });","};","","/**"," * Analyzes lines to determine where to insert new route"," * @param {Array} lines - lines to analyze"," * @param {Object} config - user's config"," * @return {Object} - info regarding insertion points"," */","var analyzeLines = function analyzeLines(lines, config) {","  var newRoute = config.ngRoute ? 'when' : 'state';","","  var braceCount = 0;","","  var analysis = {","    routeStartIndex: -1,","    routeEndIndex: -1,","    configFunctionIndex: -1","  };","","  lines.forEach(function (line, i) {","    if (config.appScript === 'ts' || config.appScript === 'js' || config.appScript === 'es6') {","      if (line.indexOf('function config(') > -1) {","        analysis.configFunctionIndex = i;","      }","","      // look for .state and set routeStartIndex","      if (line.indexOf('.' + newRoute + '(') > -1) {","        analysis.routeStartIndex = i;","      }","","      // open braces add to braceCount","      if (analysis.routeStartIndex > -1 && line.indexOf('{') > -1) {","        braceCount++;","      }","","      // close braces subract from braceCount","      if (analysis.routeStartIndex > -1 && line.indexOf('}') > -1) {","        braceCount--;","      }","","      // when braceCount = 0 the end of the state has been reached","      // set routeEndIndex","      if (analysis.routeStartIndex > -1 && braceCount === 0) {","        analysis.routeEndIndex = i;","      }","    } else {","      if (line.indexOf('.config') > -1 && line.indexOf('->') > -1) {","        analysis.configFunctionIndex = i;","      }","","      // look for .state and set routeStartIndex","      if (line.indexOf('.' + newRoute) > -1) {","        analysis.routeStartIndex = i;","      }","    }","  });","","  analysis.existingRouteFound = analysis.routeStartIndex !== -1;","","  return analysis;","};","","/**"," * Returns new state to add"," * @param {Object} state - state info to format"," * @param {Object} analysis - information for insertion"," * @param {Object} config - user's config"," * @return {String[]} - lines of new state"," */","var prepareState = function prepareState(state, analysis, config) {","  var templateFile = void 0;","","  var context = {","    analysis: analysis,","    config: config,","    state: state","  };","","  templateFile = (0, _path.join)(__dirname, 'templates', '_' + (config.ngRoute ? 'ngroute' : 'uirouter') + '.');","  // js, es6, ts files all use the same templates","  templateFile += config.appScript === 'coffee' ? 'coffee' : 'js';","","  return _lodash2.default.template(_fs2.default.readFileSync(templateFile))(context).split(_newlineRegex2.default);","};","","/**"," * Adds state to lines"," * @param {Array} lines - lines to modify with state"," * @param {Object} state - state info to add to lines"," * @param {Object} analysis - insertion info"," * @param {Object} config - user's config"," * @return {Array} - modified lines with added state"," */","var addState = function addState(lines, state, analysis, config) {","  var insertLine = void 0,","      numOfSpaces = void 0,","      numOfSpacesCounter = void 0;","","  // count spaces to prepend to state","  var lineToCheck = lines[analysis.existingRouteFound ? analysis.routeStartIndex : analysis.configFunctionIndex];","","  numOfSpaces = (0, _countSpaces.start)(lineToCheck);","","  // if there is an existing route, remove 2 more spaces from indent to line up with existing routes","  // else add 2 spaces","  if (analysis.existingRouteFound) {","    numOfSpaces -= 2;","  } else {","    numOfSpaces += 2;","  }","","  // prepend spaces","  state = state.map(function (stateLine) {","    return (0, _indentString2.default)(stateLine, ' ', numOfSpaces);","  });","","  if (config.appScript !== 'coffee') {","    insertLine = analysis.existingRouteFound ? analysis.routeEndIndex : analysis.configFunctionIndex + 1;","  } else if (analysis.existingRouteFound) {","    // determine where last state ends by examining spaces","    // insert new route on first line to have less spaces at the start","    numOfSpaces = (0, _countSpaces.start)(lines[analysis.routeStartIndex]);","    numOfSpacesCounter = numOfSpaces;","    insertLine = analysis.routeStartIndex;","    while (numOfSpacesCounter >= numOfSpaces) {","      insertLine++;","      numOfSpacesCounter = (0, _countSpaces.start)(lines[insertLine]);","    }","  } else {","    insertLine = analysis.configFunctionIndex + 1;","  }","","  lines.splice(insertLine, 0, state.join(_os.EOL));","","  return lines.join(_os.EOL);","};","","module.exports = {","  /**","   * Adds route to module's config","   * @param {String} fileContents - file contents of module","   * @param {Object} state - state info to add","   * @param {Object} config - user's config","   * @return {String} - modified file contents with added state","   */","","  addRoute: function addRoute(fileContents, state, config) {","    // checking if provider is used","    var needsParam = !hasParam(fileContents, config);","","    var lines = fileContents.split(_newlineRegex2.default);","","    var analysis = analyzeLines(lines, config);","","    // if file needs parameter, add it","    if (needsParam) {","      lines = addParam(lines, config);","    }","","    var newState = prepareState(state, analysis, config);","","    return addState(lines, newState, analysis, config);","  }","};"],"l":{"3":1,"5":1,"7":1,"9":1,"11":1,"13":1,"15":1,"17":1,"19":1,"21":1,"23":1,"25":1,"27":1,"29":5,"37":1,"38":0,"40":0,"42":0,"43":0,"46":0,"55":1,"56":0,"57":0,"60":0,"71":1,"72":0,"76":0,"77":0,"78":0,"79":0,"81":0,"85":0,"86":0,"90":0,"91":0,"95":0,"104":1,"105":0,"108":0,"109":0,"110":0,"113":0,"123":1,"124":0,"126":0,"128":0,"134":0,"135":0,"136":0,"137":0,"141":0,"142":0,"146":0,"147":0,"151":0,"152":0,"157":0,"158":0,"161":0,"162":0,"166":0,"167":0,"172":0,"174":0,"184":1,"185":0,"187":0,"193":0,"195":0,"197":0,"208":1,"209":0,"214":0,"216":0,"220":0,"221":0,"223":0,"227":0,"228":0,"231":0,"232":0,"233":0,"236":0,"237":0,"238":0,"239":0,"240":0,"241":0,"244":0,"247":0,"249":0,"252":1,"263":0,"265":0,"267":0,"270":0,"271":0,"274":0,"276":0}}}